============================================================
Time  2021/07/10 00:13:12 374 
============================================================
[2021/07/10 00:13:12 490] lgi        684  SYS_MSG_LOAD  
[2021/07/10 00:13:12 497] lgi        706  SYS_MSG_REGCB  msp_status_cb  func(b5b56790) 
[2021/07/10 00:13:12 503] lgi        298  LGI_MSG_INIT  
[2021/07/10 00:13:12 504] lgi        305  lgi  lgi_  268436457  1573468853  
[2021/07/10 00:13:12 506] lgi        403  token:  nil  
[2021/07/10 00:13:12 507] lgi        476  msc cver : 5.0.44.1288  
[2021/07/10 00:13:12 560] lgi        519  ns_enable=  1  
[2021/07/10 00:13:12 564] lgi        531  prot_ver=1  
[2021/07/10 00:13:12 565] lgi        542  prot_type=tcp  
[2021/07/10 00:13:12 570] lgi        693  SYS_MSG_UNLOAD  go bg!  
[2021/07/10 00:13:31 384] lgi        697  SYS_MSG_SHUTDOWN  
============================================================
Time  2021/07/11 21:18:43 923 
============================================================
[2021/07/11 21:18:43 924] lgi        684  SYS_MSG_LOAD  
[2021/07/11 21:18:43 931] lgi        706  SYS_MSG_REGCB  msp_status_cb  func(b5756790) 
[2021/07/11 21:18:43 935] lgi        298  LGI_MSG_INIT  
[2021/07/11 21:18:43 936] lgi        305  lgi  lgi_  268436457  1573468853  
[2021/07/11 21:18:43 938] lgi        403  token:  nil  
[2021/07/11 21:18:43 939] lgi        476  msc cver : 5.0.44.1288  
[2021/07/11 21:18:43 940] lgi        519  ns_enable=  1  
[2021/07/11 21:18:43 941] lgi        531  prot_ver=1  
[2021/07/11 21:18:43 943] lgi        542  prot_type=tcp  
[2021/07/11 21:18:43 948] lgi        693  SYS_MSG_UNLOAD  go bg!  
[2021/07/11 21:18:44 314] lgi        697  SYS_MSG_SHUTDOWN  
============================================================
Time  2021/07/11 21:24:56 219 
============================================================
[2021/07/11 21:24:56 221] lgi        684  SYS_MSG_LOAD  
[2021/07/11 21:24:56 227] lgi        706  SYS_MSG_REGCB  msp_status_cb  func(b5656790) 
[2021/07/11 21:24:56 231] lgi        298  LGI_MSG_INIT  
[2021/07/11 21:24:56 233] lgi        305  lgi  lgi_  268436457  1573468853  
[2021/07/11 21:24:56 235] lgi        403  token:  nil  
[2021/07/11 21:24:56 236] lgi        476  msc cver : 5.0.44.1288  
[2021/07/11 21:24:56 237] lgi        519  ns_enable=  1  
[2021/07/11 21:24:56 238] lgi        531  prot_ver=1  
[2021/07/11 21:24:56 239] lgi        542  prot_type=tcp  
[2021/07/11 21:24:56 243] lgi        693  SYS_MSG_UNLOAD  go bg!  
============================================================
Time  2021/07/11 23:42:53 763 
============================================================
[2021/07/11 23:42:53 763] lgi        684  SYS_MSG_LOAD  
[2021/07/11 23:42:53 788] lgi        706  SYS_MSG_REGCB  msp_status_cb  func(b5656790) 
[2021/07/11 23:42:53 792] lgi        298  LGI_MSG_INIT  
[2021/07/11 23:42:53 793] lgi        305  lgi  lgi_  268436457  1573468853  
[2021/07/11 23:42:53 795] lgi        403  token:  nil  
[2021/07/11 23:42:53 796] lgi        476  msc cver : 5.0.44.1288  
[2021/07/11 23:42:53 797] lgi        519  ns_enable=  1  
[2021/07/11 23:42:53 798] lgi        531  prot_ver=1  
[2021/07/11 23:42:53 799] lgi        542  prot_type=tcp  
[2021/07/11 23:42:53 804] lgi        693  SYS_MSG_UNLOAD  go bg!  
============================================================
Time  2021/07/11 23:46:29 916 
============================================================
[2021/07/11 23:46:29 916] lgi        684  SYS_MSG_LOAD  
[2021/07/11 23:46:29 923] lgi        706  SYS_MSG_REGCB  msp_status_cb  func(b56567a0) 
[2021/07/11 23:46:29 927] lgi        298  LGI_MSG_INIT  
[2021/07/11 23:46:29 928] lgi        305  lgi  lgi_  268436457  1573468853  
[2021/07/11 23:46:29 930] lgi        403  token:  nil  
[2021/07/11 23:46:29 931] lgi        476  msc cver : 5.0.44.1288  
[2021/07/11 23:46:29 932] lgi        519  ns_enable=  1  
[2021/07/11 23:46:29 933] lgi        531  prot_ver=1  
[2021/07/11 23:46:29 934] lgi        542  prot_type=tcp  
[2021/07/11 23:46:29 938] lgi        693  SYS_MSG_UNLOAD  go bg!  
[2021/07/11 23:46:33 708] lgi        697  SYS_MSG_SHUTDOWN  
============================================================
Time  2021/07/11 23:48:41 927 
============================================================
[2021/07/11 23:48:41 928] lgi        684  SYS_MSG_LOAD  
[2021/07/11 23:48:41 935] lgi        706  SYS_MSG_REGCB  msp_status_cb  func(b5756790) 
[2021/07/11 23:48:41 940] lgi        298  LGI_MSG_INIT  
[2021/07/11 23:48:41 941] lgi        305  lgi  lgi_  268436457  1573468853  
[2021/07/11 23:48:41 943] lgi        403  token:  nil  
[2021/07/11 23:48:41 944] lgi        476  msc cver : 5.0.44.1288  
[2021/07/11 23:48:41 945] lgi        519  ns_enable=  1  
[2021/07/11 23:48:41 946] lgi        531  prot_ver=1  
[2021/07/11 23:48:41 947] lgi        542  prot_type=tcp  
[2021/07/11 23:48:41 951] lgi        693  SYS_MSG_UNLOAD  go bg!  
[2021/07/11 23:48:45 534] lgi        697  SYS_MSG_SHUTDOWN  
============================================================
Time  2021/07/11 23:50:54 903 
============================================================
[2021/07/11 23:50:54 904] lgi        684  SYS_MSG_LOAD  
[2021/07/11 23:50:54 911] lgi        706  SYS_MSG_REGCB  msp_status_cb  func(b56567a0) 
[2021/07/11 23:50:54 915] lgi        298  LGI_MSG_INIT  
[2021/07/11 23:50:54 915] lgi        305  lgi  lgi_  268436457  1573468853  
[2021/07/11 23:50:54 917] lgi        403  token:  nil  
[2021/07/11 23:50:54 918] lgi        476  msc cver : 5.0.44.1288  
[2021/07/11 23:50:54 919] lgi        519  ns_enable=  1  
[2021/07/11 23:50:54 920] lgi        531  prot_ver=1  
[2021/07/11 23:50:54 921] lgi        542  prot_type=tcp  
[2021/07/11 23:50:54 926] lgi        693  SYS_MSG_UNLOAD  go bg!  
[2021/07/11 23:50:58 663] lgi        697  SYS_MSG_SHUTDOWN  
============================================================
Time  2021/07/11 23:53:25 554 
============================================================
[2021/07/11 23:53:25 555] lgi        684  SYS_MSG_LOAD  
[2021/07/11 23:53:25 561] lgi        706  SYS_MSG_REGCB  msp_status_cb  func(b57567a0) 
[2021/07/11 23:53:25 565] lgi        298  LGI_MSG_INIT  
[2021/07/11 23:53:25 566] lgi        305  lgi  lgi_  268436457  1573468853  
[2021/07/11 23:53:25 568] lgi        403  token:  nil  
[2021/07/11 23:53:25 569] lgi        476  msc cver : 5.0.44.1288  
[2021/07/11 23:53:25 570] lgi        519  ns_enable=  1  
[2021/07/11 23:53:25 571] lgi        531  prot_ver=1  
[2021/07/11 23:53:25 572] lgi        542  prot_type=tcp  
[2021/07/11 23:53:25 576] lgi        693  SYS_MSG_UNLOAD  go bg!  
[2021/07/11 23:53:29 320] lgi        697  SYS_MSG_SHUTDOWN  
============================================================
Time  2021/07/11 23:54:15 701 
============================================================
[2021/07/11 23:54:15 701] lgi        684  SYS_MSG_LOAD  
[2021/07/11 23:54:15 708] lgi        706  SYS_MSG_REGCB  msp_status_cb  func(b5656790) 
[2021/07/11 23:54:15 717] lgi        298  LGI_MSG_INIT  
[2021/07/11 23:54:15 719] lgi        305  lgi  lgi_  268436457  1573468853  
[2021/07/11 23:54:15 721] lgi        403  token:  nil  
[2021/07/11 23:54:15 721] lgi        476  msc cver : 5.0.44.1288  
[2021/07/11 23:54:15 722] lgi        519  ns_enable=  1  
[2021/07/11 23:54:15 724] lgi        531  prot_ver=1  
[2021/07/11 23:54:15 731] lgi        542  prot_type=tcp  
[2021/07/11 23:54:15 742] lgi        693  SYS_MSG_UNLOAD  go bg!  
[2021/07/11 23:54:19 565] lgi        697  SYS_MSG_SHUTDOWN  
============================================================
Time  2021/07/11 23:57:22 980 
============================================================
[2021/07/11 23:57:22 981] lgi        684  SYS_MSG_LOAD  
[2021/07/11 23:57:22 987] lgi        706  SYS_MSG_REGCB  msp_status_cb  func(b5656790) 
[2021/07/11 23:57:22 992] lgi        298  LGI_MSG_INIT  
[2021/07/11 23:57:22 993] lgi        305  lgi  lgi_  268436457  1573468853  
[2021/07/11 23:57:22 995] lgi        403  token:  nil  
[2021/07/11 23:57:22 996] lgi        476  msc cver : 5.0.44.1288  
[2021/07/11 23:57:22 998] lgi        519  ns_enable=  1  
[2021/07/11 23:57:22 998] lgi        531  prot_ver=1  
[2021/07/11 23:57:23 000] lgi        542  prot_type=tcp  
[2021/07/11 23:57:23 003] lgi        693  SYS_MSG_UNLOAD  go bg!  
============================================================
Time  2021/07/11 23:59:37 142 
============================================================
[2021/07/11 23:59:37 142] lgi        684  SYS_MSG_LOAD  
[2021/07/11 23:59:37 149] lgi        706  SYS_MSG_REGCB  msp_status_cb  func(b5656790) 
[2021/07/11 23:59:37 153] lgi        298  LGI_MSG_INIT  
[2021/07/11 23:59:37 155] lgi        305  lgi  lgi_  268436457  1573468853  
[2021/07/11 23:59:37 157] lgi        403  token:  nil  
[2021/07/11 23:59:37 158] lgi        476  msc cver : 5.0.44.1288  
[2021/07/11 23:59:37 159] lgi        519  ns_enable=  1  
[2021/07/11 23:59:37 159] lgi        531  prot_ver=1  
[2021/07/11 23:59:37 160] lgi        542  prot_type=tcp  
[2021/07/11 23:59:37 164] lgi        693  SYS_MSG_UNLOAD  go bg!  
============================================================
Time  2021/07/12 00:04:02 039 
============================================================
[2021/07/12 00:04:02 039] lgi        684  SYS_MSG_LOAD  
[2021/07/12 00:04:02 048] lgi        706  SYS_MSG_REGCB  msp_status_cb  func(b5656790) 
[2021/07/12 00:04:02 052] lgi        298  LGI_MSG_INIT  
[2021/07/12 00:04:02 053] lgi        305  lgi  lgi_  268436457  1573468853  
[2021/07/12 00:04:02 054] lgi        403  token:  nil  
[2021/07/12 00:04:02 055] lgi        476  msc cver : 5.0.44.1288  
[2021/07/12 00:04:02 056] lgi        519  ns_enable=  1  
[2021/07/12 00:04:02 057] lgi        531  prot_ver=1  
[2021/07/12 00:04:02 058] lgi        542  prot_type=tcp  
[2021/07/12 00:04:02 063] lgi        693  SYS_MSG_UNLOAD  go bg!  
[2021/07/12 00:04:05 697] lgi        697  SYS_MSG_SHUTDOWN  
============================================================
Time  2021/07/12 00:06:52 684 
============================================================
[2021/07/12 00:06:52 685] lgi        684  SYS_MSG_LOAD  
[2021/07/12 00:06:52 690] lgi        706  SYS_MSG_REGCB  msp_status_cb  func(b56567a0) 
[2021/07/12 00:06:52 695] lgi        298  LGI_MSG_INIT  
[2021/07/12 00:06:52 696] lgi        305  lgi  lgi_  268436457  1573468853  
[2021/07/12 00:06:52 697] lgi        403  token:  nil  
[2021/07/12 00:06:52 700] lgi        476  msc cver : 5.0.44.1288  
[2021/07/12 00:06:52 702] lgi        519  ns_enable=  1  
[2021/07/12 00:06:52 703] lgi        531  prot_ver=1  
[2021/07/12 00:06:52 704] lgi        542  prot_type=tcp  
[2021/07/12 00:06:52 708] lgi        693  SYS_MSG_UNLOAD  go bg!  
[2021/07/12 00:06:56 268] lgi        697  SYS_MSG_SHUTDOWN  
============================================================
Time  2021/07/12 00:09:29 555 
============================================================
[2021/07/12 00:09:29 556] lgi        684  SYS_MSG_LOAD  
[2021/07/12 00:09:29 562] lgi        706  SYS_MSG_REGCB  msp_status_cb  func(b56567a0) 
[2021/07/12 00:09:29 568] lgi        298  LGI_MSG_INIT  
[2021/07/12 00:09:29 569] lgi        305  lgi  lgi_  268436457  1573468853  
[2021/07/12 00:09:29 571] lgi        403  token:  nil  
[2021/07/12 00:09:29 572] lgi        476  msc cver : 5.0.44.1288  
[2021/07/12 00:09:29 573] lgi        519  ns_enable=  1  
[2021/07/12 00:09:29 574] lgi        531  prot_ver=1  
[2021/07/12 00:09:29 575] lgi        542  prot_type=tcp  
[2021/07/12 00:09:29 579] lgi        693  SYS_MSG_UNLOAD  go bg!  
[2021/07/12 00:09:33 190] lgi        697  SYS_MSG_SHUTDOWN  
============================================================
Time  2021/07/12 00:11:12 821 
============================================================
[2021/07/12 00:11:12 822] lgi        684  SYS_MSG_LOAD  
[2021/07/12 00:11:12 828] lgi        706  SYS_MSG_REGCB  msp_status_cb  func(b5656790) 
[2021/07/12 00:11:12 833] lgi        298  LGI_MSG_INIT  
[2021/07/12 00:11:12 834] lgi        305  lgi  lgi_  268436457  1573468853  
[2021/07/12 00:11:12 837] lgi        403  token:  nil  
[2021/07/12 00:11:12 837] lgi        476  msc cver : 5.0.44.1288  
[2021/07/12 00:11:12 838] lgi        519  ns_enable=  1  
[2021/07/12 00:11:12 840] lgi        531  prot_ver=1  
[2021/07/12 00:11:12 840] lgi        542  prot_type=tcp  
[2021/07/12 00:11:12 844] lgi        693  SYS_MSG_UNLOAD  go bg!  
[2021/07/12 00:11:16 410] lgi        697  SYS_MSG_SHUTDOWN  
============================================================
Time  2021/07/12 00:12:46 634 
============================================================
[2021/07/12 00:12:46 635] lgi        684  SYS_MSG_LOAD  
[2021/07/12 00:12:46 641] lgi        706  SYS_MSG_REGCB  msp_status_cb  func(b56567a0) 
[2021/07/12 00:12:46 645] lgi        298  LGI_MSG_INIT  
[2021/07/12 00:12:46 646] lgi        305  lgi  lgi_  268436457  1573468853  
[2021/07/12 00:12:46 648] lgi        403  token:  nil  
[2021/07/12 00:12:46 649] lgi        476  msc cver : 5.0.44.1288  
[2021/07/12 00:12:46 650] lgi        519  ns_enable=  1  
[2021/07/12 00:12:46 651] lgi        531  prot_ver=1  
[2021/07/12 00:12:46 652] lgi        542  prot_type=tcp  
[2021/07/12 00:12:46 656] lgi        693  SYS_MSG_UNLOAD  go bg!  
[2021/07/12 00:12:50 249] lgi        697  SYS_MSG_SHUTDOWN  
============================================================
Time  2021/07/12 00:14:08 215 
============================================================
[2021/07/12 00:14:08 215] lgi        684  SYS_MSG_LOAD  
[2021/07/12 00:14:08 221] lgi        706  SYS_MSG_REGCB  msp_status_cb  func(b5756790) 
[2021/07/12 00:14:08 226] lgi        298  LGI_MSG_INIT  
[2021/07/12 00:14:08 227] lgi        305  lgi  lgi_  268436457  1573468853  
[2021/07/12 00:14:08 229] lgi        403  token:  nil  
[2021/07/12 00:14:08 230] lgi        476  msc cver : 5.0.44.1288  
[2021/07/12 00:14:08 231] lgi        519  ns_enable=  1  
[2021/07/12 00:14:08 232] lgi        531  prot_ver=1  
[2021/07/12 00:14:08 233] lgi        542  prot_type=tcp  
[2021/07/12 00:14:08 238] lgi        693  SYS_MSG_UNLOAD  go bg!  
============================================================
Time  2021/07/12 00:15:33 856 
============================================================
[2021/07/12 00:15:33 856] lgi        684  SYS_MSG_LOAD  
[2021/07/12 00:15:33 863] lgi        706  SYS_MSG_REGCB  msp_status_cb  func(b5656790) 
[2021/07/12 00:15:33 868] lgi        298  LGI_MSG_INIT  
[2021/07/12 00:15:33 869] lgi        305  lgi  lgi_  268436457  1573468853  
[2021/07/12 00:15:33 871] lgi        403  token:  nil  
[2021/07/12 00:15:33 872] lgi        476  msc cver : 5.0.44.1288  
[2021/07/12 00:15:33 873] lgi        519  ns_enable=  1  
[2021/07/12 00:15:33 874] lgi        531  prot_ver=1  
[2021/07/12 00:15:33 875] lgi        542  prot_type=tcp  
[2021/07/12 00:15:33 879] lgi        693  SYS_MSG_UNLOAD  go bg!  
[2021/07/12 00:15:37 536] lgi        697  SYS_MSG_SHUTDOWN  
============================================================
Time  2021/07/12 00:17:31 910 
============================================================
[2021/07/12 00:17:31 910] lgi        684  SYS_MSG_LOAD  
[2021/07/12 00:17:31 917] lgi        706  SYS_MSG_REGCB  msp_status_cb  func(b5656790) 
[2021/07/12 00:17:31 922] lgi        298  LGI_MSG_INIT  
[2021/07/12 00:17:31 923] lgi        305  lgi  lgi_  268436457  1573468853  
[2021/07/12 00:17:31 925] lgi        403  token:  nil  
[2021/07/12 00:17:31 926] lgi        476  msc cver : 5.0.44.1288  
[2021/07/12 00:17:31 927] lgi        519  ns_enable=  1  
[2021/07/12 00:17:31 928] lgi        531  prot_ver=1  
[2021/07/12 00:17:31 928] lgi        542  prot_type=tcp  
[2021/07/12 00:17:31 932] lgi        693  SYS_MSG_UNLOAD  go bg!  
[2021/07/12 00:17:35 615] lgi        697  SYS_MSG_SHUTDOWN  
============================================================
Time  2021/07/12 00:20:40 791 
============================================================
[2021/07/12 00:20:40 792] lgi        684  SYS_MSG_LOAD  
[2021/07/12 00:20:40 799] lgi        706  SYS_MSG_REGCB  msp_status_cb  func(b56567a0) 
[2021/07/12 00:20:40 803] lgi        298  LGI_MSG_INIT  
[2021/07/12 00:20:40 804] lgi        305  lgi  lgi_  268436457  1573468853  
[2021/07/12 00:20:40 806] lgi        403  token:  nil  
[2021/07/12 00:20:40 807] lgi        476  msc cver : 5.0.44.1288  
[2021/07/12 00:20:40 808] lgi        519  ns_enable=  1  
[2021/07/12 00:20:40 809] lgi        531  prot_ver=1  
[2021/07/12 00:20:40 810] lgi        542  prot_type=tcp  
[2021/07/12 00:20:40 814] lgi        693  SYS_MSG_UNLOAD  go bg!  
[2021/07/12 00:20:44 348] lgi        697  SYS_MSG_SHUTDOWN  
============================================================
Time  2021/07/12 00:21:31 733 
============================================================
[2021/07/12 00:21:31 734] lgi        684  SYS_MSG_LOAD  
[2021/07/12 00:21:31 741] lgi        706  SYS_MSG_REGCB  msp_status_cb  func(b5756790) 
[2021/07/12 00:21:31 745] lgi        298  LGI_MSG_INIT  
[2021/07/12 00:21:31 747] lgi        305  lgi  lgi_  268436457  1573468853  
[2021/07/12 00:21:31 748] lgi        403  token:  nil  
[2021/07/12 00:21:31 749] lgi        476  msc cver : 5.0.44.1288  
[2021/07/12 00:21:31 750] lgi        519  ns_enable=  1  
[2021/07/12 00:21:31 751] lgi        531  prot_ver=1  
[2021/07/12 00:21:31 752] lgi        542  prot_type=tcp  
[2021/07/12 00:21:31 758] lgi        693  SYS_MSG_UNLOAD  go bg!  
[2021/07/12 00:21:35 448] lgi        697  SYS_MSG_SHUTDOWN  
============================================================
Time  2021/07/12 00:25:34 049 
============================================================
[2021/07/12 00:25:34 049] lgi        684  SYS_MSG_LOAD  
[2021/07/12 00:25:34 056] lgi        706  SYS_MSG_REGCB  msp_status_cb  func(b5656790) 
[2021/07/12 00:25:34 060] lgi        298  LGI_MSG_INIT  
[2021/07/12 00:25:34 061] lgi        305  lgi  lgi_  268436457  1573468853  
[2021/07/12 00:25:34 063] lgi        403  token:  nil  
[2021/07/12 00:25:34 064] lgi        476  msc cver : 5.0.44.1288  
[2021/07/12 00:25:34 065] lgi        519  ns_enable=  1  
[2021/07/12 00:25:34 066] lgi        531  prot_ver=1  
[2021/07/12 00:25:34 067] lgi        542  prot_type=tcp  
[2021/07/12 00:25:34 071] lgi        693  SYS_MSG_UNLOAD  go bg!  
[2021/07/12 00:25:37 547] lgi        697  SYS_MSG_SHUTDOWN  
============================================================
Time  2021/07/12 00:25:58 778 
============================================================
[2021/07/12 00:25:58 779] lgi        684  SYS_MSG_LOAD  
[2021/07/12 00:25:58 785] lgi        706  SYS_MSG_REGCB  msp_status_cb  func(b5656790) 
[2021/07/12 00:25:58 789] lgi        298  LGI_MSG_INIT  
[2021/07/12 00:25:58 790] lgi        305  lgi  lgi_  268436457  1573468853  
[2021/07/12 00:25:58 792] lgi        403  token:  nil  
[2021/07/12 00:25:58 793] lgi        476  msc cver : 5.0.44.1288  
[2021/07/12 00:25:58 794] lgi        519  ns_enable=  1  
[2021/07/12 00:25:58 794] lgi        531  prot_ver=1  
[2021/07/12 00:25:58 796] lgi        542  prot_type=tcp  
[2021/07/12 00:25:58 800] lgi        693  SYS_MSG_UNLOAD  go bg!  
[2021/07/12 00:26:02 348] lgi        697  SYS_MSG_SHUTDOWN  
============================================================
Time  2021/07/12 00:26:38 665 
============================================================
[2021/07/12 00:26:38 665] lgi        684  SYS_MSG_LOAD  
[2021/07/12 00:26:38 672] lgi        706  SYS_MSG_REGCB  msp_status_cb  func(b5756790) 
[2021/07/12 00:26:38 676] lgi        298  LGI_MSG_INIT  
[2021/07/12 00:26:38 677] lgi        305  lgi  lgi_  268436457  1573468853  
[2021/07/12 00:26:38 679] lgi        403  token:  nil  
[2021/07/12 00:26:38 680] lgi        476  msc cver : 5.0.44.1288  
[2021/07/12 00:26:38 681] lgi        519  ns_enable=  1  
[2021/07/12 00:26:38 682] lgi        531  prot_ver=1  
[2021/07/12 00:26:38 684] lgi        542  prot_type=tcp  
[2021/07/12 00:26:38 687] lgi        693  SYS_MSG_UNLOAD  go bg!  
[2021/07/12 00:26:42 209] lgi        697  SYS_MSG_SHUTDOWN  
============================================================
Time  2021/07/12 00:28:04 540 
============================================================
[2021/07/12 00:28:04 540] lgi        684  SYS_MSG_LOAD  
[2021/07/12 00:28:04 546] lgi        706  SYS_MSG_REGCB  msp_status_cb  func(b5656790) 
[2021/07/12 00:28:04 551] lgi        298  LGI_MSG_INIT  
[2021/07/12 00:28:04 552] lgi        305  lgi  lgi_  268436457  1573468853  
[2021/07/12 00:28:04 554] lgi        403  token:  nil  
[2021/07/12 00:28:04 555] lgi        476  msc cver : 5.0.44.1288  
[2021/07/12 00:28:04 556] lgi        519  ns_enable=  1  
[2021/07/12 00:28:04 557] lgi        531  prot_ver=1  
[2021/07/12 00:28:04 559] lgi        542  prot_type=tcp  
[2021/07/12 00:28:04 562] lgi        693  SYS_MSG_UNLOAD  go bg!  
[2021/07/12 00:28:08 631] lgi        697  SYS_MSG_SHUTDOWN  
============================================================
Time  2021/07/12 00:35:17 826 
============================================================
[2021/07/12 00:35:17 827] lgi        684  SYS_MSG_LOAD  
[2021/07/12 00:35:17 833] lgi        706  SYS_MSG_REGCB  msp_status_cb  func(b5656790) 
[2021/07/12 00:35:17 838] lgi        298  LGI_MSG_INIT  
[2021/07/12 00:35:17 839] lgi        305  lgi  lgi_  268436457  1573468853  
[2021/07/12 00:35:17 841] lgi        403  token:  nil  
[2021/07/12 00:35:17 842] lgi        476  msc cver : 5.0.44.1288  
[2021/07/12 00:35:17 843] lgi        519  ns_enable=  1  
[2021/07/12 00:35:17 844] lgi        531  prot_ver=1  
[2021/07/12 00:35:17 846] lgi        542  prot_type=tcp  
[2021/07/12 00:35:17 849] lgi        693  SYS_MSG_UNLOAD  go bg!  
============================================================
Time  2021/07/12 00:36:09 730 
============================================================
[2021/07/12 00:36:09 730] lgi        684  SYS_MSG_LOAD  
[2021/07/12 00:36:09 737] lgi        706  SYS_MSG_REGCB  msp_status_cb  func(b5656790) 
[2021/07/12 00:36:09 741] lgi        298  LGI_MSG_INIT  
[2021/07/12 00:36:09 742] lgi        305  lgi  lgi_  268436457  1573468853  
[2021/07/12 00:36:09 744] lgi        403  token:  nil  
[2021/07/12 00:36:09 745] lgi        476  msc cver : 5.0.44.1288  
[2021/07/12 00:36:09 746] lgi        519  ns_enable=  1  
[2021/07/12 00:36:09 747] lgi        531  prot_ver=1  
[2021/07/12 00:36:09 748] lgi        542  prot_type=tcp  
[2021/07/12 00:36:09 752] lgi        693  SYS_MSG_UNLOAD  go bg!  
[2021/07/12 00:36:13 381] lgi        697  SYS_MSG_SHUTDOWN  
============================================================
Time  2021/07/12 00:40:48 658 
============================================================
[2021/07/12 00:40:48 658] lgi        684  SYS_MSG_LOAD  
[2021/07/12 00:40:48 665] lgi        706  SYS_MSG_REGCB  msp_status_cb  func(b57567a0) 
[2021/07/12 00:40:48 670] lgi        298  LGI_MSG_INIT  
[2021/07/12 00:40:48 670] lgi        305  lgi  lgi_  268436457  1573468853  
[2021/07/12 00:40:48 672] lgi        403  token:  nil  
[2021/07/12 00:40:48 674] lgi        476  msc cver : 5.0.44.1288  
[2021/07/12 00:40:48 675] lgi        519  ns_enable=  1  
[2021/07/12 00:40:48 676] lgi        531  prot_ver=1  
[2021/07/12 00:40:48 677] lgi        542  prot_type=tcp  
[2021/07/12 00:40:48 681] lgi        693  SYS_MSG_UNLOAD  go bg!  
[2021/07/12 00:40:52 293] lgi        697  SYS_MSG_SHUTDOWN  
============================================================
Time  2021/07/12 00:41:26 084 
============================================================
[2021/07/12 00:41:26 084] lgi        684  SYS_MSG_LOAD  
[2021/07/12 00:41:26 092] lgi        706  SYS_MSG_REGCB  msp_status_cb  func(b5656790) 
[2021/07/12 00:41:26 096] lgi        298  LGI_MSG_INIT  
[2021/07/12 00:41:26 097] lgi        305  lgi  lgi_  268436457  1573468853  
[2021/07/12 00:41:26 099] lgi        403  token:  nil  
[2021/07/12 00:41:26 100] lgi        476  msc cver : 5.0.44.1288  
[2021/07/12 00:41:26 101] lgi        519  ns_enable=  1  
[2021/07/12 00:41:26 102] lgi        531  prot_ver=1  
[2021/07/12 00:41:26 104] lgi        542  prot_type=tcp  
[2021/07/12 00:41:26 108] lgi        693  SYS_MSG_UNLOAD  go bg!  
[2021/07/12 00:41:30 938] lgi        697  SYS_MSG_SHUTDOWN  
============================================================
Time  2021/07/12 00:46:49 020 
============================================================
[2021/07/12 00:46:49 021] lgi        684  SYS_MSG_LOAD  
[2021/07/12 00:46:49 028] lgi        706  SYS_MSG_REGCB  msp_status_cb  func(b5656790) 
[2021/07/12 00:46:49 033] lgi        298  LGI_MSG_INIT  
[2021/07/12 00:46:49 034] lgi        305  lgi  lgi_  268436457  1573468853  
[2021/07/12 00:46:49 036] lgi        403  token:  nil  
[2021/07/12 00:46:49 037] lgi        476  msc cver : 5.0.44.1288  
[2021/07/12 00:46:49 038] lgi        519  ns_enable=  1  
[2021/07/12 00:46:49 039] lgi        531  prot_ver=1  
[2021/07/12 00:46:49 040] lgi        542  prot_type=tcp  
[2021/07/12 00:46:49 045] lgi        693  SYS_MSG_UNLOAD  go bg!  
[2021/07/12 00:46:53 276] lgi        697  SYS_MSG_SHUTDOWN  
============================================================
Time  2021/07/12 00:50:03 413 
============================================================
[2021/07/12 00:50:03 414] lgi        684  SYS_MSG_LOAD  
[2021/07/12 00:50:03 420] lgi        706  SYS_MSG_REGCB  msp_status_cb  func(b56567a0) 
[2021/07/12 00:50:03 424] lgi        298  LGI_MSG_INIT  
[2021/07/12 00:50:03 425] lgi        305  lgi  lgi_  268436457  1573468853  
[2021/07/12 00:50:03 427] lgi        403  token:  nil  
[2021/07/12 00:50:03 428] lgi        476  msc cver : 5.0.44.1288  
[2021/07/12 00:50:03 429] lgi        519  ns_enable=  1  
[2021/07/12 00:50:03 430] lgi        531  prot_ver=1  
[2021/07/12 00:50:03 430] lgi        542  prot_type=tcp  
[2021/07/12 00:50:03 434] lgi        693  SYS_MSG_UNLOAD  go bg!  
[2021/07/12 00:50:07 400] lgi        697  SYS_MSG_SHUTDOWN  
============================================================
Time  2021/07/12 00:53:47 559 
============================================================
[2021/07/12 00:53:47 560] lgi        684  SYS_MSG_LOAD  
[2021/07/12 00:53:47 566] lgi        706  SYS_MSG_REGCB  msp_status_cb  func(b5656790) 
[2021/07/12 00:53:47 570] lgi        298  LGI_MSG_INIT  
[2021/07/12 00:53:47 571] lgi        305  lgi  lgi_  268436457  1573468853  
[2021/07/12 00:53:47 573] lgi        403  token:  nil  
[2021/07/12 00:53:47 574] lgi        476  msc cver : 5.0.44.1288  
[2021/07/12 00:53:47 575] lgi        519  ns_enable=  1  
[2021/07/12 00:53:47 576] lgi        531  prot_ver=1  
[2021/07/12 00:53:47 577] lgi        542  prot_type=tcp  
[2021/07/12 00:53:47 581] lgi        693  SYS_MSG_UNLOAD  go bg!  
[2021/07/12 00:53:51 629] lgi        697  SYS_MSG_SHUTDOWN  
============================================================
Time  2021/07/12 00:54:43 496 
============================================================
[2021/07/12 00:54:43 497] lgi        684  SYS_MSG_LOAD  
[2021/07/12 00:54:43 503] lgi        706  SYS_MSG_REGCB  msp_status_cb  func(b5656790) 
[2021/07/12 00:54:43 508] lgi        298  LGI_MSG_INIT  
[2021/07/12 00:54:43 510] lgi        305  lgi  lgi_  268436457  1573468853  
[2021/07/12 00:54:43 511] lgi        403  token:  nil  
[2021/07/12 00:54:43 512] lgi        476  msc cver : 5.0.44.1288  
[2021/07/12 00:54:43 513] lgi        519  ns_enable=  1  
[2021/07/12 00:54:43 514] lgi        531  prot_ver=1  
[2021/07/12 00:54:43 515] lgi        542  prot_type=tcp  
[2021/07/12 00:54:43 519] lgi        693  SYS_MSG_UNLOAD  go bg!  
[2021/07/12 00:54:47 503] lgi        697  SYS_MSG_SHUTDOWN  
============================================================
Time  2021/07/12 00:55:49 272 
============================================================
[2021/07/12 00:55:49 272] lgi        684  SYS_MSG_LOAD  
[2021/07/12 00:55:49 278] lgi        706  SYS_MSG_REGCB  msp_status_cb  func(b5656790) 
[2021/07/12 00:55:49 283] lgi        298  LGI_MSG_INIT  
[2021/07/12 00:55:49 284] lgi        305  lgi  lgi_  268436457  1573468853  
[2021/07/12 00:55:49 287] lgi        403  token:  nil  
[2021/07/12 00:55:49 288] lgi        476  msc cver : 5.0.44.1288  
[2021/07/12 00:55:49 289] lgi        519  ns_enable=  1  
[2021/07/12 00:55:49 290] lgi        531  prot_ver=1  
[2021/07/12 00:55:49 291] lgi        542  prot_type=tcp  
[2021/07/12 00:55:49 330] lgi        693  SYS_MSG_UNLOAD  go bg!  
[2021/07/12 00:55:53 405] lgi        697  SYS_MSG_SHUTDOWN  
============================================================
Time  2021/07/12 00:56:21 879 
============================================================
[2021/07/12 00:56:21 879] lgi        684  SYS_MSG_LOAD  
[2021/07/12 00:56:21 886] lgi        706  SYS_MSG_REGCB  msp_status_cb  func(b5656790) 
[2021/07/12 00:56:21 890] lgi        298  LGI_MSG_INIT  
[2021/07/12 00:56:21 891] lgi        305  lgi  lgi_  268436457  1573468853  
[2021/07/12 00:56:21 893] lgi        403  token:  nil  
[2021/07/12 00:56:21 894] lgi        476  msc cver : 5.0.44.1288  
[2021/07/12 00:56:21 895] lgi        519  ns_enable=  1  
[2021/07/12 00:56:21 896] lgi        531  prot_ver=1  
[2021/07/12 00:56:21 897] lgi        542  prot_type=tcp  
[2021/07/12 00:56:21 901] lgi        693  SYS_MSG_UNLOAD  go bg!  
[2021/07/12 00:56:26 205] lgi        697  SYS_MSG_SHUTDOWN  
============================================================
Time  2021/07/12 01:03:58 120 
============================================================
[2021/07/12 01:03:58 120] lgi        684  SYS_MSG_LOAD  
[2021/07/12 01:03:58 127] lgi        706  SYS_MSG_REGCB  msp_status_cb  func(b5656790) 
[2021/07/12 01:03:58 131] lgi        298  LGI_MSG_INIT  
[2021/07/12 01:03:58 131] lgi        305  lgi  lgi_  268436457  1573468853  
[2021/07/12 01:03:58 133] lgi        403  token:  nil  
[2021/07/12 01:03:58 134] lgi        476  msc cver : 5.0.44.1288  
[2021/07/12 01:03:58 135] lgi        519  ns_enable=  1  
[2021/07/12 01:03:58 137] lgi        531  prot_ver=1  
[2021/07/12 01:03:58 138] lgi        542  prot_type=tcp  
[2021/07/12 01:03:58 143] lgi        693  SYS_MSG_UNLOAD  go bg!  
[2021/07/12 01:04:01 714] lgi        697  SYS_MSG_SHUTDOWN  
============================================================
Time  2021/07/12 01:04:36 481 
============================================================
[2021/07/12 01:04:36 482] lgi        684  SYS_MSG_LOAD  
[2021/07/12 01:04:36 488] lgi        706  SYS_MSG_REGCB  msp_status_cb  func(b5756790) 
[2021/07/12 01:04:36 493] lgi        298  LGI_MSG_INIT  
[2021/07/12 01:04:36 494] lgi        305  lgi  lgi_  268436457  1573468853  
[2021/07/12 01:04:36 496] lgi        403  token:  nil  
[2021/07/12 01:04:36 496] lgi        476  msc cver : 5.0.44.1288  
[2021/07/12 01:04:36 497] lgi        519  ns_enable=  1  
[2021/07/12 01:04:36 498] lgi        531  prot_ver=1  
[2021/07/12 01:04:36 500] lgi        542  prot_type=tcp  
[2021/07/12 01:04:36 503] lgi        693  SYS_MSG_UNLOAD  go bg!  
[2021/07/12 01:04:40 691] lgi        697  SYS_MSG_SHUTDOWN  
============================================================
Time  2021/07/12 01:08:26 017 
============================================================
[2021/07/12 01:08:26 018] lgi        684  SYS_MSG_LOAD  
[2021/07/12 01:08:26 023] lgi        706  SYS_MSG_REGCB  msp_status_cb  func(b5656790) 
[2021/07/12 01:08:26 028] lgi        298  LGI_MSG_INIT  
[2021/07/12 01:08:26 029] lgi        305  lgi  lgi_  268436457  1573468853  
[2021/07/12 01:08:26 031] lgi        403  token:  nil  
[2021/07/12 01:08:26 032] lgi        476  msc cver : 5.0.44.1288  
[2021/07/12 01:08:26 033] lgi        519  ns_enable=  1  
[2021/07/12 01:08:26 034] lgi        531  prot_ver=1  
[2021/07/12 01:08:26 035] lgi        542  prot_type=tcp  
[2021/07/12 01:08:26 039] lgi        693  SYS_MSG_UNLOAD  go bg!  
[2021/07/12 01:08:30 854] lgi        697  SYS_MSG_SHUTDOWN  
============================================================
Time  2021/07/12 01:10:57 030 
============================================================
[2021/07/12 01:10:57 031] lgi        684  SYS_MSG_LOAD  
[2021/07/12 01:10:57 037] lgi        706  SYS_MSG_REGCB  msp_status_cb  func(b56567a0) 
[2021/07/12 01:10:57 042] lgi        298  LGI_MSG_INIT  
[2021/07/12 01:10:57 042] lgi        305  lgi  lgi_  268436457  1573468853  
[2021/07/12 01:10:57 044] lgi        403  token:  nil  
[2021/07/12 01:10:57 046] lgi        476  msc cver : 5.0.44.1288  
[2021/07/12 01:10:57 047] lgi        519  ns_enable=  1  
[2021/07/12 01:10:57 048] lgi        531  prot_ver=1  
[2021/07/12 01:10:57 049] lgi        542  prot_type=tcp  
[2021/07/12 01:10:57 053] lgi        693  SYS_MSG_UNLOAD  go bg!  
[2021/07/12 01:11:01 096] lgi        697  SYS_MSG_SHUTDOWN  
============================================================
Time  2021/07/12 01:11:59 690 
============================================================
[2021/07/12 01:11:59 691] lgi        684  SYS_MSG_LOAD  
[2021/07/12 01:11:59 697] lgi        706  SYS_MSG_REGCB  msp_status_cb  func(8da19c8) 
[2021/07/12 01:11:59 702] lgi        298  LGI_MSG_INIT  
[2021/07/12 01:11:59 704] lgi        305  lgi  lgi_  268436457  1573468853  
[2021/07/12 01:11:59 706] lgi        403  token:  nil  
[2021/07/12 01:11:59 706] lgi        476  msc cver : 5.0.44.1288  
[2021/07/12 01:11:59 708] lgi        519  ns_enable=  1  
[2021/07/12 01:11:59 708] lgi        531  prot_ver=1  
[2021/07/12 01:11:59 709] lgi        542  prot_type=tcp  
[2021/07/12 01:11:59 713] lgi        693  SYS_MSG_UNLOAD  go bg!  
[2021/07/12 01:12:04 180] lgi        697  SYS_MSG_SHUTDOWN  
============================================================
Time  2021/07/12 01:12:27 109 
============================================================
[2021/07/12 01:12:27 109] lgi        684  SYS_MSG_LOAD  
[2021/07/12 01:12:27 116] lgi        706  SYS_MSG_REGCB  msp_status_cb  func(b6856190) 
[2021/07/12 01:12:27 120] lgi        298  LGI_MSG_INIT  
[2021/07/12 01:12:27 121] lgi        305  lgi  lgi_  268436457  1573468853  
[2021/07/12 01:12:27 122] lgi        403  token:  nil  
[2021/07/12 01:12:27 124] lgi        476  msc cver : 5.0.44.1288  
[2021/07/12 01:12:27 125] lgi        519  ns_enable=  1  
[2021/07/12 01:12:27 126] lgi        531  prot_ver=1  
[2021/07/12 01:12:27 127] lgi        542  prot_type=tcp  
[2021/07/12 01:12:27 132] lgi        693  SYS_MSG_UNLOAD  go bg!  
[2021/07/12 01:12:31 236] lgi        697  SYS_MSG_SHUTDOWN  
============================================================
Time  2021/07/12 01:18:19 790 
============================================================
[2021/07/12 01:18:19 791] lgi        684  SYS_MSG_LOAD  
[2021/07/12 01:18:19 797] lgi        706  SYS_MSG_REGCB  msp_status_cb  func(b5756790) 
[2021/07/12 01:18:19 801] lgi        298  LGI_MSG_INIT  
[2021/07/12 01:18:19 802] lgi        305  lgi  lgi_  268436457  1573468853  
[2021/07/12 01:18:19 804] lgi        403  token:  nil  
[2021/07/12 01:18:19 805] lgi        476  msc cver : 5.0.44.1288  
[2021/07/12 01:18:19 806] lgi        519  ns_enable=  1  
[2021/07/12 01:18:19 807] lgi        531  prot_ver=1  
[2021/07/12 01:18:19 808] lgi        542  prot_type=tcp  
[2021/07/12 01:18:19 812] lgi        693  SYS_MSG_UNLOAD  go bg!  
[2021/07/12 01:18:24 953] lgi        697  SYS_MSG_SHUTDOWN  
============================================================
Time  2021/07/12 01:18:42 361 
============================================================
[2021/07/12 01:18:42 361] lgi        684  SYS_MSG_LOAD  
[2021/07/12 01:18:42 367] lgi        706  SYS_MSG_REGCB  msp_status_cb  func(91e09c8) 
[2021/07/12 01:18:42 371] lgi        298  LGI_MSG_INIT  
[2021/07/12 01:18:42 372] lgi        305  lgi  lgi_  268436457  1573468853  
[2021/07/12 01:18:42 374] lgi        403  token:  nil  
[2021/07/12 01:18:42 375] lgi        476  msc cver : 5.0.44.1288  
[2021/07/12 01:18:42 376] lgi        519  ns_enable=  1  
[2021/07/12 01:18:42 377] lgi        531  prot_ver=1  
[2021/07/12 01:18:42 378] lgi        542  prot_type=tcp  
[2021/07/12 01:18:42 382] lgi        693  SYS_MSG_UNLOAD  go bg!  
[2021/07/12 01:18:47 052] lgi        697  SYS_MSG_SHUTDOWN  
============================================================
Time  2021/07/12 01:20:52 719 
============================================================
[2021/07/12 01:20:52 720] lgi        684  SYS_MSG_LOAD  
[2021/07/12 01:20:52 727] lgi        706  SYS_MSG_REGCB  msp_status_cb  func(b5656790) 
[2021/07/12 01:20:52 731] lgi        298  LGI_MSG_INIT  
[2021/07/12 01:20:52 732] lgi        305  lgi  lgi_  268436457  1573468853  
[2021/07/12 01:20:52 734] lgi        403  token:  nil  
[2021/07/12 01:20:52 735] lgi        476  msc cver : 5.0.44.1288  
[2021/07/12 01:20:52 736] lgi        519  ns_enable=  1  
[2021/07/12 01:20:52 737] lgi        531  prot_ver=1  
[2021/07/12 01:20:52 738] lgi        542  prot_type=tcp  
[2021/07/12 01:20:52 742] lgi        693  SYS_MSG_UNLOAD  go bg!  
[2021/07/12 01:20:56 899] lgi        697  SYS_MSG_SHUTDOWN  
============================================================
Time  2021/07/12 01:21:13 039 
============================================================
[2021/07/12 01:21:13 040] lgi        684  SYS_MSG_LOAD  
[2021/07/12 01:21:13 046] lgi        706  SYS_MSG_REGCB  msp_status_cb  func(9b3d9c8) 
[2021/07/12 01:21:13 050] lgi        298  LGI_MSG_INIT  
[2021/07/12 01:21:13 051] lgi        305  lgi  lgi_  268436457  1573468853  
[2021/07/12 01:21:13 053] lgi        403  token:  nil  
[2021/07/12 01:21:13 054] lgi        476  msc cver : 5.0.44.1288  
[2021/07/12 01:21:13 055] lgi        519  ns_enable=  1  
[2021/07/12 01:21:13 056] lgi        531  prot_ver=1  
[2021/07/12 01:21:13 057] lgi        542  prot_type=tcp  
[2021/07/12 01:21:13 061] lgi        693  SYS_MSG_UNLOAD  go bg!  
[2021/07/12 01:21:17 286] lgi        697  SYS_MSG_SHUTDOWN  
============================================================
Time  2021/07/12 01:26:33 213 
============================================================
[2021/07/12 01:26:33 214] lgi        684  SYS_MSG_LOAD  
[2021/07/12 01:26:33 220] lgi        706  SYS_MSG_REGCB  msp_status_cb  func(b5656790) 
[2021/07/12 01:26:33 226] lgi        298  LGI_MSG_INIT  
[2021/07/12 01:26:33 227] lgi        305  lgi  lgi_  268436457  1573468853  
[2021/07/12 01:26:33 229] lgi        403  token:  nil  
[2021/07/12 01:26:33 229] lgi        476  msc cver : 5.0.44.1288  
[2021/07/12 01:26:33 230] lgi        519  ns_enable=  1  
[2021/07/12 01:26:33 231] lgi        531  prot_ver=1  
[2021/07/12 01:26:33 232] lgi        542  prot_type=tcp  
[2021/07/12 01:26:33 236] lgi        693  SYS_MSG_UNLOAD  go bg!  
[2021/07/12 01:26:37 829] lgi        697  SYS_MSG_SHUTDOWN  
============================================================
Time  2021/07/12 01:30:27 440 
============================================================
[2021/07/12 01:30:27 441] lgi        684  SYS_MSG_LOAD  
[2021/07/12 01:30:27 448] lgi        706  SYS_MSG_REGCB  msp_status_cb  func(b56567a0) 
[2021/07/12 01:30:27 452] lgi        298  LGI_MSG_INIT  
[2021/07/12 01:30:27 453] lgi        305  lgi  lgi_  268436457  1573468853  
[2021/07/12 01:30:27 455] lgi        403  token:  nil  
[2021/07/12 01:30:27 456] lgi        476  msc cver : 5.0.44.1288  
[2021/07/12 01:30:27 457] lgi        519  ns_enable=  1  
[2021/07/12 01:30:27 458] lgi        531  prot_ver=1  
[2021/07/12 01:30:27 459] lgi        542  prot_type=tcp  
[2021/07/12 01:30:27 463] lgi        693  SYS_MSG_UNLOAD  go bg!  
[2021/07/12 01:30:30 336] lgi        697  SYS_MSG_SHUTDOWN  
============================================================
Time  2021/07/12 01:34:36 133 
============================================================
[2021/07/12 01:34:36 134] lgi        684  SYS_MSG_LOAD  
[2021/07/12 01:34:36 140] lgi        706  SYS_MSG_REGCB  msp_status_cb  func(b57567a0) 
[2021/07/12 01:34:36 145] lgi        298  LGI_MSG_INIT  
[2021/07/12 01:34:36 146] lgi        305  lgi  lgi_  268436457  1573468853  
[2021/07/12 01:34:36 147] lgi        403  token:  nil  
[2021/07/12 01:34:36 148] lgi        476  msc cver : 5.0.44.1288  
[2021/07/12 01:34:36 150] lgi        519  ns_enable=  1  
[2021/07/12 01:34:36 151] lgi        531  prot_ver=1  
[2021/07/12 01:34:36 152] lgi        542  prot_type=tcp  
[2021/07/12 01:34:36 156] lgi        693  SYS_MSG_UNLOAD  go bg!  
[2021/07/12 01:34:40 133] lgi        697  SYS_MSG_SHUTDOWN  
============================================================
Time  2021/07/12 01:34:57 997 
============================================================
[2021/07/12 01:34:57 998] lgi        684  SYS_MSG_LOAD  
[2021/07/12 01:34:58 005] lgi        706  SYS_MSG_REGCB  msp_status_cb  func(975e608) 
[2021/07/12 01:34:58 011] lgi        298  LGI_MSG_INIT  
[2021/07/12 01:34:58 012] lgi        305  lgi  lgi_  268436457  1573468853  
[2021/07/12 01:34:58 013] lgi        403  token:  nil  
[2021/07/12 01:34:58 014] lgi        476  msc cver : 5.0.44.1288  
[2021/07/12 01:34:58 016] lgi        519  ns_enable=  1  
[2021/07/12 01:34:58 017] lgi        531  prot_ver=1  
[2021/07/12 01:34:58 018] lgi        542  prot_type=tcp  
[2021/07/12 01:34:58 022] lgi        693  SYS_MSG_UNLOAD  go bg!  
[2021/07/12 01:35:02 243] lgi        697  SYS_MSG_SHUTDOWN  
============================================================
Time  2021/07/12 01:52:02 485 
============================================================
[2021/07/12 01:52:02 486] lgi        684  SYS_MSG_LOAD  
[2021/07/12 01:52:02 492] lgi        706  SYS_MSG_REGCB  msp_status_cb  func(b5656790) 
[2021/07/12 01:52:02 496] lgi        298  LGI_MSG_INIT  
[2021/07/12 01:52:02 497] lgi        305  lgi  lgi_  268436457  1573468853  
[2021/07/12 01:52:02 499] lgi        403  token:  nil  
[2021/07/12 01:52:02 500] lgi        476  msc cver : 5.0.44.1288  
[2021/07/12 01:52:02 501] lgi        519  ns_enable=  1  
[2021/07/12 01:52:02 502] lgi        531  prot_ver=1  
[2021/07/12 01:52:02 503] lgi        542  prot_type=tcp  
[2021/07/12 01:52:02 507] lgi        693  SYS_MSG_UNLOAD  go bg!  
[2021/07/12 01:52:07 074] lgi        697  SYS_MSG_SHUTDOWN  
============================================================
Time  2021/07/12 01:52:33 867 
============================================================
[2021/07/12 01:52:33 867] lgi        684  SYS_MSG_LOAD  
[2021/07/12 01:52:33 874] lgi        706  SYS_MSG_REGCB  msp_status_cb  func(8a419b8) 
[2021/07/12 01:52:33 878] lgi        298  LGI_MSG_INIT  
[2021/07/12 01:52:33 879] lgi        305  lgi  lgi_  268436457  1573468853  
[2021/07/12 01:52:33 882] lgi        403  token:  nil  
[2021/07/12 01:52:33 883] lgi        476  msc cver : 5.0.44.1288  
[2021/07/12 01:52:33 884] lgi        519  ns_enable=  1  
[2021/07/12 01:52:33 884] lgi        531  prot_ver=1  
[2021/07/12 01:52:33 885] lgi        542  prot_type=tcp  
[2021/07/12 01:52:33 889] lgi        693  SYS_MSG_UNLOAD  go bg!  
[2021/07/12 01:52:39 067] lgi        697  SYS_MSG_SHUTDOWN  
============================================================
Time  2021/07/12 01:53:16 303 
============================================================
[2021/07/12 01:53:16 304] lgi        684  SYS_MSG_LOAD  
[2021/07/12 01:53:16 309] lgi        706  SYS_MSG_REGCB  msp_status_cb  func(b5756790) 
[2021/07/12 01:53:16 315] lgi        298  LGI_MSG_INIT  
[2021/07/12 01:53:16 316] lgi        305  lgi  lgi_  268436457  1573468853  
[2021/07/12 01:53:16 318] lgi        403  token:  nil  
[2021/07/12 01:53:16 319] lgi        476  msc cver : 5.0.44.1288  
[2021/07/12 01:53:16 320] lgi        519  ns_enable=  1  
[2021/07/12 01:53:16 321] lgi        531  prot_ver=1  
[2021/07/12 01:53:16 322] lgi        542  prot_type=tcp  
[2021/07/12 01:53:16 326] lgi        693  SYS_MSG_UNLOAD  go bg!  
[2021/07/12 01:53:21 653] lgi        697  SYS_MSG_SHUTDOWN  
============================================================
Time  2021/07/12 01:53:36 458 
============================================================
[2021/07/12 01:53:36 458] lgi        684  SYS_MSG_LOAD  
[2021/07/12 01:53:36 465] lgi        706  SYS_MSG_REGCB  msp_status_cb  func(87f09c8) 
[2021/07/12 01:53:36 471] lgi        298  LGI_MSG_INIT  
[2021/07/12 01:53:36 472] lgi        305  lgi  lgi_  268436457  1573468853  
[2021/07/12 01:53:36 474] lgi        403  token:  nil  
[2021/07/12 01:53:36 474] lgi        476  msc cver : 5.0.44.1288  
[2021/07/12 01:53:36 475] lgi        519  ns_enable=  1  
[2021/07/12 01:53:36 476] lgi        531  prot_ver=1  
[2021/07/12 01:53:36 477] lgi        542  prot_type=tcp  
[2021/07/12 01:53:36 481] lgi        693  SYS_MSG_UNLOAD  go bg!  
[2021/07/12 01:53:41 022] lgi        697  SYS_MSG_SHUTDOWN  
============================================================
Time  2021/07/12 01:54:56 114 
============================================================
[2021/07/12 01:54:56 115] lgi        684  SYS_MSG_LOAD  
[2021/07/12 01:54:56 121] lgi        706  SYS_MSG_REGCB  msp_status_cb  func(b5756790) 
[2021/07/12 01:54:56 125] lgi        298  LGI_MSG_INIT  
[2021/07/12 01:54:56 126] lgi        305  lgi  lgi_  268436457  1573468853  
[2021/07/12 01:54:56 127] lgi        403  token:  nil  
[2021/07/12 01:54:56 129] lgi        476  msc cver : 5.0.44.1288  
[2021/07/12 01:54:56 130] lgi        519  ns_enable=  1  
[2021/07/12 01:54:56 131] lgi        531  prot_ver=1  
[2021/07/12 01:54:56 132] lgi        542  prot_type=tcp  
[2021/07/12 01:54:56 136] lgi        693  SYS_MSG_UNLOAD  go bg!  
[2021/07/12 01:55:00 324] lgi        697  SYS_MSG_SHUTDOWN  
============================================================
Time  2021/07/12 01:55:21 596 
============================================================
[2021/07/12 01:55:21 596] lgi        684  SYS_MSG_LOAD  
[2021/07/12 01:55:21 603] lgi        706  SYS_MSG_REGCB  msp_status_cb  func(a0269c8) 
[2021/07/12 01:55:21 607] lgi        298  LGI_MSG_INIT  
[2021/07/12 01:55:21 607] lgi        305  lgi  lgi_  268436457  1573468853  
[2021/07/12 01:55:21 609] lgi        403  token:  nil  
[2021/07/12 01:55:21 610] lgi        476  msc cver : 5.0.44.1288  
[2021/07/12 01:55:21 612] lgi        519  ns_enable=  1  
[2021/07/12 01:55:21 613] lgi        531  prot_ver=1  
[2021/07/12 01:55:21 615] lgi        542  prot_type=tcp  
[2021/07/12 01:55:21 620] lgi        693  SYS_MSG_UNLOAD  go bg!  
[2021/07/12 01:55:26 142] lgi        697  SYS_MSG_SHUTDOWN  
============================================================
Time  2021/07/12 02:10:31 461 
============================================================
[2021/07/12 02:10:31 461] lgi        684  SYS_MSG_LOAD  
[2021/07/12 02:10:31 468] lgi        706  SYS_MSG_REGCB  msp_status_cb  func(b5656790) 
[2021/07/12 02:10:31 472] lgi        298  LGI_MSG_INIT  
[2021/07/12 02:10:31 474] lgi        305  lgi  lgi_  268436457  1573468853  
[2021/07/12 02:10:31 475] lgi        403  token:  nil  
[2021/07/12 02:10:31 476] lgi        476  msc cver : 5.0.44.1288  
[2021/07/12 02:10:31 477] lgi        519  ns_enable=  1  
[2021/07/12 02:10:31 478] lgi        531  prot_ver=1  
[2021/07/12 02:10:31 479] lgi        542  prot_type=tcp  
[2021/07/12 02:10:31 483] lgi        693  SYS_MSG_UNLOAD  go bg!  
[2021/07/12 02:10:36 206] lgi        697  SYS_MSG_SHUTDOWN  
============================================================
Time  2021/07/12 02:10:55 241 
============================================================
[2021/07/12 02:10:55 242] lgi        684  SYS_MSG_LOAD  
[2021/07/12 02:10:55 248] lgi        706  SYS_MSG_REGCB  msp_status_cb  func(93a36c8) 
[2021/07/12 02:10:55 252] lgi        298  LGI_MSG_INIT  
[2021/07/12 02:10:55 254] lgi        305  lgi  lgi_  268436457  1573468853  
[2021/07/12 02:10:55 258] lgi        403  token:  nil  
[2021/07/12 02:10:55 259] lgi        476  msc cver : 5.0.44.1288  
[2021/07/12 02:10:55 260] lgi        519  ns_enable=  1  
[2021/07/12 02:10:55 261] lgi        531  prot_ver=1  
[2021/07/12 02:10:55 263] lgi        542  prot_type=tcp  
[2021/07/12 02:10:55 267] lgi        693  SYS_MSG_UNLOAD  go bg!  
[2021/07/12 02:10:59 549] lgi        697  SYS_MSG_SHUTDOWN  
============================================================
Time  2021/07/12 02:14:16 984 
============================================================
[2021/07/12 02:14:16 984] lgi        684  SYS_MSG_LOAD  
[2021/07/12 02:14:16 990] lgi        706  SYS_MSG_REGCB  msp_status_cb  func(b5656790) 
[2021/07/12 02:14:16 995] lgi        298  LGI_MSG_INIT  
[2021/07/12 02:14:16 996] lgi        305  lgi  lgi_  268436457  1573468853  
[2021/07/12 02:14:16 999] lgi        403  token:  nil  
[2021/07/12 02:14:17 000] lgi        476  msc cver : 5.0.44.1288  
[2021/07/12 02:14:17 001] lgi        519  ns_enable=  1  
[2021/07/12 02:14:17 002] lgi        531  prot_ver=1  
[2021/07/12 02:14:17 003] lgi        542  prot_type=tcp  
[2021/07/12 02:14:17 007] lgi        693  SYS_MSG_UNLOAD  go bg!  
[2021/07/12 02:14:21 099] lgi        697  SYS_MSG_SHUTDOWN  
============================================================
Time  2021/07/12 02:14:54 673 
============================================================
[2021/07/12 02:14:54 674] lgi        684  SYS_MSG_LOAD  
[2021/07/12 02:14:54 680] lgi        706  SYS_MSG_REGCB  msp_status_cb  func(892b9c8) 
[2021/07/12 02:14:54 685] lgi        298  LGI_MSG_INIT  
[2021/07/12 02:14:54 685] lgi        305  lgi  lgi_  268436457  1573468853  
[2021/07/12 02:14:54 688] lgi        403  token:  nil  
[2021/07/12 02:14:54 689] lgi        476  msc cver : 5.0.44.1288  
[2021/07/12 02:14:54 690] lgi        519  ns_enable=  1  
[2021/07/12 02:14:54 691] lgi        531  prot_ver=1  
[2021/07/12 02:14:54 692] lgi        542  prot_type=tcp  
[2021/07/12 02:14:54 696] lgi        693  SYS_MSG_UNLOAD  go bg!  
[2021/07/12 02:14:59 168] lgi        697  SYS_MSG_SHUTDOWN  
============================================================
Time  2021/07/12 02:16:13 428 
============================================================
[2021/07/12 02:16:13 429] lgi        684  SYS_MSG_LOAD  
[2021/07/12 02:16:13 435] lgi        706  SYS_MSG_REGCB  msp_status_cb  func(b6856750) 
[2021/07/12 02:16:13 440] lgi        298  LGI_MSG_INIT  
[2021/07/12 02:16:13 441] lgi        305  lgi  lgi_  268436457  1573468853  
[2021/07/12 02:16:13 443] lgi        403  token:  nil  
[2021/07/12 02:16:13 444] lgi        476  msc cver : 5.0.44.1288  
[2021/07/12 02:16:13 445] lgi        519  ns_enable=  1  
[2021/07/12 02:16:13 446] lgi        531  prot_ver=1  
[2021/07/12 02:16:13 447] lgi        542  prot_type=tcp  
[2021/07/12 02:16:13 452] lgi        693  SYS_MSG_UNLOAD  go bg!  
[2021/07/12 02:16:18 038] lgi        697  SYS_MSG_SHUTDOWN  
============================================================
Time  2021/07/12 02:17:11 707 
============================================================
[2021/07/12 02:17:11 708] lgi        684  SYS_MSG_LOAD  
[2021/07/12 02:17:11 715] lgi        706  SYS_MSG_REGCB  msp_status_cb  func(b5657f28) 
[2021/07/12 02:17:11 722] lgi        298  LGI_MSG_INIT  
[2021/07/12 02:17:11 723] lgi        305  lgi  lgi_  268436457  1573468853  
[2021/07/12 02:17:11 725] lgi        403  token:  nil  
[2021/07/12 02:17:11 726] lgi        476  msc cver : 5.0.44.1288  
[2021/07/12 02:17:11 728] lgi        519  ns_enable=  1  
[2021/07/12 02:17:11 729] lgi        531  prot_ver=1  
[2021/07/12 02:17:11 730] lgi        542  prot_type=tcp  
[2021/07/12 02:17:11 734] lgi        693  SYS_MSG_UNLOAD  go bg!  
[2021/07/12 02:17:16 025] lgi        697  SYS_MSG_SHUTDOWN  
============================================================
Time  2021/07/12 02:17:52 065 
============================================================
[2021/07/12 02:17:52 066] lgi        684  SYS_MSG_LOAD  
[2021/07/12 02:17:52 072] lgi        706  SYS_MSG_REGCB  msp_status_cb  func(892ba18) 
[2021/07/12 02:17:52 077] lgi        298  LGI_MSG_INIT  
[2021/07/12 02:17:52 078] lgi        305  lgi  lgi_  268436457  1573468853  
[2021/07/12 02:17:52 080] lgi        403  token:  nil  
[2021/07/12 02:17:52 081] lgi        476  msc cver : 5.0.44.1288  
[2021/07/12 02:17:52 082] lgi        519  ns_enable=  1  
[2021/07/12 02:17:52 083] lgi        531  prot_ver=1  
[2021/07/12 02:17:52 084] lgi        542  prot_type=tcp  
[2021/07/12 02:17:52 089] lgi        693  SYS_MSG_UNLOAD  go bg!  
[2021/07/12 02:17:55 672] lgi        697  SYS_MSG_SHUTDOWN  
============================================================
Time  2021/07/12 02:18:12 359 
============================================================
[2021/07/12 02:18:12 359] lgi        684  SYS_MSG_LOAD  
[2021/07/12 02:18:12 366] lgi        706  SYS_MSG_REGCB  msp_status_cb  func(b6856758) 
[2021/07/12 02:18:12 370] lgi        298  LGI_MSG_INIT  
[2021/07/12 02:18:12 371] lgi        305  lgi  lgi_  268436457  1573468853  
[2021/07/12 02:18:12 373] lgi        403  token:  nil  
[2021/07/12 02:18:12 374] lgi        476  msc cver : 5.0.44.1288  
[2021/07/12 02:18:12 376] lgi        519  ns_enable=  1  
[2021/07/12 02:18:12 377] lgi        531  prot_ver=1  
[2021/07/12 02:18:12 378] lgi        542  prot_type=tcp  
[2021/07/12 02:18:12 382] lgi        693  SYS_MSG_UNLOAD  go bg!  
[2021/07/12 02:18:16 876] lgi        697  SYS_MSG_SHUTDOWN  
============================================================
Time  2021/07/12 02:18:40 259 
============================================================
[2021/07/12 02:18:40 260] lgi        684  SYS_MSG_LOAD  
[2021/07/12 02:18:40 267] lgi        706  SYS_MSG_REGCB  msp_status_cb  func(b5657f18) 
[2021/07/12 02:18:40 271] lgi        298  LGI_MSG_INIT  
[2021/07/12 02:18:40 272] lgi        305  lgi  lgi_  268436457  1573468853  
[2021/07/12 02:18:40 274] lgi        403  token:  nil  
[2021/07/12 02:18:40 275] lgi        476  msc cver : 5.0.44.1288  
[2021/07/12 02:18:40 276] lgi        519  ns_enable=  1  
[2021/07/12 02:18:40 277] lgi        531  prot_ver=1  
[2021/07/12 02:18:40 278] lgi        542  prot_type=tcp  
[2021/07/12 02:18:40 282] lgi        693  SYS_MSG_UNLOAD  go bg!  
[2021/07/12 02:18:44 929] lgi        697  SYS_MSG_SHUTDOWN  
============================================================
Time  2021/07/12 02:19:15 675 
============================================================
[2021/07/12 02:19:15 676] lgi        684  SYS_MSG_LOAD  
[2021/07/12 02:19:15 683] lgi        706  SYS_MSG_REGCB  msp_status_cb  func(892b9b8) 
[2021/07/12 02:19:15 686] lgi        298  LGI_MSG_INIT  
[2021/07/12 02:19:15 688] lgi        305  lgi  lgi_  268436457  1573468853  
[2021/07/12 02:19:15 690] lgi        403  token:  nil  
[2021/07/12 02:19:15 691] lgi        476  msc cver : 5.0.44.1288  
[2021/07/12 02:19:15 692] lgi        519  ns_enable=  1  
[2021/07/12 02:19:15 693] lgi        531  prot_ver=1  
[2021/07/12 02:19:15 695] lgi        542  prot_type=tcp  
[2021/07/12 02:19:15 701] lgi        693  SYS_MSG_UNLOAD  go bg!  
[2021/07/12 02:19:19 856] lgi        697  SYS_MSG_SHUTDOWN  
============================================================
Time  2021/07/12 02:22:49 568 
============================================================
[2021/07/12 02:22:49 568] lgi        684  SYS_MSG_LOAD  
[2021/07/12 02:22:49 574] lgi        706  SYS_MSG_REGCB  msp_status_cb  func(b5756790) 
[2021/07/12 02:22:49 580] lgi        298  LGI_MSG_INIT  
[2021/07/12 02:22:49 581] lgi        305  lgi  lgi_  268436457  1573468853  
[2021/07/12 02:22:49 583] lgi        403  token:  nil  
[2021/07/12 02:22:49 584] lgi        476  msc cver : 5.0.44.1288  
[2021/07/12 02:22:49 585] lgi        519  ns_enable=  1  
[2021/07/12 02:22:49 586] lgi        531  prot_ver=1  
[2021/07/12 02:22:49 587] lgi        542  prot_type=tcp  
[2021/07/12 02:22:49 591] lgi        693  SYS_MSG_UNLOAD  go bg!  
[2021/07/12 02:22:53 841] lgi        697  SYS_MSG_SHUTDOWN  
============================================================
Time  2021/07/12 02:23:08 702 
============================================================
[2021/07/12 02:23:08 702] lgi        684  SYS_MSG_LOAD  
[2021/07/12 02:23:08 709] lgi        706  SYS_MSG_REGCB  msp_status_cb  func(85ca9c8) 
[2021/07/12 02:23:08 714] lgi        298  LGI_MSG_INIT  
[2021/07/12 02:23:08 715] lgi        305  lgi  lgi_  268436457  1573468853  
[2021/07/12 02:23:08 717] lgi        403  token:  nil  
[2021/07/12 02:23:08 719] lgi        476  msc cver : 5.0.44.1288  
[2021/07/12 02:23:08 720] lgi        519  ns_enable=  1  
[2021/07/12 02:23:08 721] lgi        531  prot_ver=1  
[2021/07/12 02:23:08 722] lgi        542  prot_type=tcp  
[2021/07/12 02:23:08 726] lgi        693  SYS_MSG_UNLOAD  go bg!  
[2021/07/12 02:23:13 640] lgi        697  SYS_MSG_SHUTDOWN  
============================================================
Time  2021/07/12 02:23:42 187 
============================================================
[2021/07/12 02:23:42 188] lgi        684  SYS_MSG_LOAD  
[2021/07/12 02:23:42 196] lgi        706  SYS_MSG_REGCB  msp_status_cb  func(b693ee38) 
[2021/07/12 02:23:42 201] lgi        298  LGI_MSG_INIT  
[2021/07/12 02:23:42 201] lgi        305  lgi  lgi_  268436457  1573468853  
[2021/07/12 02:23:42 203] lgi        403  token:  nil  
[2021/07/12 02:23:42 204] lgi        476  msc cver : 5.0.44.1288  
[2021/07/12 02:23:42 205] lgi        519  ns_enable=  1  
[2021/07/12 02:23:42 207] lgi        531  prot_ver=1  
[2021/07/12 02:23:42 207] lgi        542  prot_type=tcp  
[2021/07/12 02:23:42 213] lgi        693  SYS_MSG_UNLOAD  go bg!  
[2021/07/12 02:23:46 667] lgi        697  SYS_MSG_SHUTDOWN  
============================================================
Time  2021/07/12 02:25:08 766 
============================================================
[2021/07/12 02:25:08 766] lgi        684  SYS_MSG_LOAD  
[2021/07/12 02:25:08 773] lgi        706  SYS_MSG_REGCB  msp_status_cb  func(b5756790) 
[2021/07/12 02:25:08 778] lgi        298  LGI_MSG_INIT  
[2021/07/12 02:25:08 779] lgi        305  lgi  lgi_  268436457  1573468853  
[2021/07/12 02:25:08 781] lgi        403  token:  nil  
[2021/07/12 02:25:08 782] lgi        476  msc cver : 5.0.44.1288  
[2021/07/12 02:25:08 783] lgi        519  ns_enable=  1  
[2021/07/12 02:25:08 784] lgi        531  prot_ver=1  
[2021/07/12 02:25:08 785] lgi        542  prot_type=tcp  
[2021/07/12 02:25:08 789] lgi        693  SYS_MSG_UNLOAD  go bg!  
[2021/07/12 02:25:13 115] lgi        697  SYS_MSG_SHUTDOWN  
============================================================
Time  2021/07/12 02:25:23 226 
============================================================
[2021/07/12 02:25:23 227] lgi        684  SYS_MSG_LOAD  
[2021/07/12 02:25:23 233] lgi        706  SYS_MSG_REGCB  msp_status_cb  func(854c6d8) 
[2021/07/12 02:25:23 237] lgi        298  LGI_MSG_INIT  
[2021/07/12 02:25:23 238] lgi        305  lgi  lgi_  268436457  1573468853  
[2021/07/12 02:25:23 240] lgi        403  token:  nil  
[2021/07/12 02:25:23 241] lgi        476  msc cver : 5.0.44.1288  
[2021/07/12 02:25:23 242] lgi        519  ns_enable=  1  
[2021/07/12 02:25:23 243] lgi        531  prot_ver=1  
[2021/07/12 02:25:23 244] lgi        542  prot_type=tcp  
[2021/07/12 02:25:23 248] lgi        693  SYS_MSG_UNLOAD  go bg!  
[2021/07/12 02:25:27 971] lgi        697  SYS_MSG_SHUTDOWN  
============================================================
Time  2021/07/12 02:25:42 558 
============================================================
[2021/07/12 02:25:42 559] lgi        684  SYS_MSG_LOAD  
[2021/07/12 02:25:42 565] lgi        706  SYS_MSG_REGCB  msp_status_cb  func(b6956708) 
[2021/07/12 02:25:42 570] lgi        298  LGI_MSG_INIT  
[2021/07/12 02:25:42 571] lgi        305  lgi  lgi_  268436457  1573468853  
[2021/07/12 02:25:42 573] lgi        403  token:  nil  
[2021/07/12 02:25:42 574] lgi        476  msc cver : 5.0.44.1288  
[2021/07/12 02:25:42 575] lgi        519  ns_enable=  1  
[2021/07/12 02:25:42 576] lgi        531  prot_ver=1  
[2021/07/12 02:25:42 577] lgi        542  prot_type=tcp  
[2021/07/12 02:25:42 581] lgi        693  SYS_MSG_UNLOAD  go bg!  
[2021/07/12 02:25:47 123] lgi        697  SYS_MSG_SHUTDOWN  
============================================================
Time  2021/07/12 02:29:12 136 
============================================================
[2021/07/12 02:29:12 137] lgi        684  SYS_MSG_LOAD  
[2021/07/12 02:29:12 143] lgi        706  SYS_MSG_REGCB  msp_status_cb  func(b56567a0) 
[2021/07/12 02:29:12 148] lgi        298  LGI_MSG_INIT  
[2021/07/12 02:29:12 149] lgi        305  lgi  lgi_  268436457  1573468853  
[2021/07/12 02:29:12 151] lgi        403  token:  nil  
[2021/07/12 02:29:12 151] lgi        476  msc cver : 5.0.44.1288  
[2021/07/12 02:29:12 153] lgi        519  ns_enable=  1  
[2021/07/12 02:29:12 154] lgi        531  prot_ver=1  
[2021/07/12 02:29:12 155] lgi        542  prot_type=tcp  
[2021/07/12 02:29:12 159] lgi        693  SYS_MSG_UNLOAD  go bg!  
[2021/07/12 02:29:16 284] lgi        697  SYS_MSG_SHUTDOWN  
============================================================
Time  2021/07/12 02:29:32 043 
============================================================
[2021/07/12 02:29:32 044] lgi        684  SYS_MSG_LOAD  
[2021/07/12 02:29:32 050] lgi        706  SYS_MSG_REGCB  msp_status_cb  func(908d050) 
[2021/07/12 02:29:32 054] lgi        298  LGI_MSG_INIT  
[2021/07/12 02:29:32 056] lgi        305  lgi  lgi_  268436457  1573468853  
[2021/07/12 02:29:32 058] lgi        403  token:  nil  
[2021/07/12 02:29:32 058] lgi        476  msc cver : 5.0.44.1288  
[2021/07/12 02:29:32 060] lgi        519  ns_enable=  1  
[2021/07/12 02:29:32 061] lgi        531  prot_ver=1  
[2021/07/12 02:29:32 062] lgi        542  prot_type=tcp  
[2021/07/12 02:29:32 066] lgi        693  SYS_MSG_UNLOAD  go bg!  
[2021/07/12 02:29:36 548] lgi        697  SYS_MSG_SHUTDOWN  
============================================================
Time  2021/07/12 02:29:46 532 
============================================================
[2021/07/12 02:29:46 532] lgi        684  SYS_MSG_LOAD  
[2021/07/12 02:29:46 540] lgi        706  SYS_MSG_REGCB  msp_status_cb  func(b6856750) 
[2021/07/12 02:29:46 544] lgi        298  LGI_MSG_INIT  
[2021/07/12 02:29:46 545] lgi        305  lgi  lgi_  268436457  1573468853  
[2021/07/12 02:29:46 547] lgi        403  token:  nil  
[2021/07/12 02:29:46 548] lgi        476  msc cver : 5.0.44.1288  
[2021/07/12 02:29:46 550] lgi        519  ns_enable=  1  
[2021/07/12 02:29:46 551] lgi        531  prot_ver=1  
[2021/07/12 02:29:46 552] lgi        542  prot_type=tcp  
[2021/07/12 02:29:46 556] lgi        693  SYS_MSG_UNLOAD  go bg!  
[2021/07/12 02:29:51 731] lgi        697  SYS_MSG_SHUTDOWN  
============================================================
Time  2021/07/12 02:34:41 880 
============================================================
[2021/07/12 02:34:41 881] lgi        684  SYS_MSG_LOAD  
[2021/07/12 02:34:41 888] lgi        706  SYS_MSG_REGCB  msp_status_cb  func(b5656790) 
[2021/07/12 02:34:41 894] lgi        298  LGI_MSG_INIT  
[2021/07/12 02:34:41 895] lgi        305  lgi  lgi_  268436457  1573468853  
[2021/07/12 02:34:41 897] lgi        403  token:  nil  
[2021/07/12 02:34:41 898] lgi        476  msc cver : 5.0.44.1288  
[2021/07/12 02:34:41 899] lgi        519  ns_enable=  1  
[2021/07/12 02:34:41 901] lgi        531  prot_ver=1  
[2021/07/12 02:34:41 902] lgi        542  prot_type=tcp  
[2021/07/12 02:34:41 906] lgi        693  SYS_MSG_UNLOAD  go bg!  
[2021/07/12 02:34:46 170] lgi        697  SYS_MSG_SHUTDOWN  
============================================================
Time  2021/07/12 02:36:15 511 
============================================================
[2021/07/12 02:36:15 511] lgi        684  SYS_MSG_LOAD  
[2021/07/12 02:36:15 521] lgi        706  SYS_MSG_REGCB  msp_status_cb  func(9f7c9c8) 
[2021/07/12 02:36:15 525] lgi        298  LGI_MSG_INIT  
[2021/07/12 02:36:15 526] lgi        305  lgi  lgi_  268436457  1573468853  
[2021/07/12 02:36:15 528] lgi        403  token:  nil  
[2021/07/12 02:36:15 529] lgi        476  msc cver : 5.0.44.1288  
[2021/07/12 02:36:15 530] lgi        519  ns_enable=  1  
[2021/07/12 02:36:15 531] lgi        531  prot_ver=1  
[2021/07/12 02:36:15 532] lgi        542  prot_type=tcp  
[2021/07/12 02:36:15 536] lgi        693  SYS_MSG_UNLOAD  go bg!  
[2021/07/12 02:36:19 723] lgi        697  SYS_MSG_SHUTDOWN  
============================================================
Time  2021/07/12 02:36:34 562 
============================================================
[2021/07/12 02:36:34 563] lgi        684  SYS_MSG_LOAD  
[2021/07/12 02:36:34 569] lgi        706  SYS_MSG_REGCB  msp_status_cb  func(b6856750) 
[2021/07/12 02:36:34 573] lgi        298  LGI_MSG_INIT  
[2021/07/12 02:36:34 574] lgi        305  lgi  lgi_  268436457  1573468853  
[2021/07/12 02:36:34 577] lgi        403  token:  nil  
[2021/07/12 02:36:34 578] lgi        476  msc cver : 5.0.44.1288  
[2021/07/12 02:36:34 580] lgi        519  ns_enable=  1  
[2021/07/12 02:36:34 581] lgi        531  prot_ver=1  
[2021/07/12 02:36:34 581] lgi        542  prot_type=tcp  
[2021/07/12 02:36:34 586] lgi        693  SYS_MSG_UNLOAD  go bg!  
[2021/07/12 02:36:39 172] lgi        697  SYS_MSG_SHUTDOWN  
============================================================
Time  2021/07/12 02:39:07 679 
============================================================
[2021/07/12 02:39:07 680] lgi        684  SYS_MSG_LOAD  
[2021/07/12 02:39:07 686] lgi        706  SYS_MSG_REGCB  msp_status_cb  func(b5657f20) 
[2021/07/12 02:39:07 691] lgi        298  LGI_MSG_INIT  
[2021/07/12 02:39:07 693] lgi        305  lgi  lgi_  268436457  1573468853  
[2021/07/12 02:39:07 695] lgi        403  token:  nil  
[2021/07/12 02:39:07 696] lgi        476  msc cver : 5.0.44.1288  
[2021/07/12 02:39:07 697] lgi        519  ns_enable=  1  
[2021/07/12 02:39:07 697] lgi        531  prot_ver=1  
[2021/07/12 02:39:07 698] lgi        542  prot_type=tcp  
[2021/07/12 02:39:07 702] lgi        693  SYS_MSG_UNLOAD  go bg!  
[2021/07/12 02:39:12 189] lgi        697  SYS_MSG_SHUTDOWN  
============================================================
Time  2021/07/12 02:46:02 536 
============================================================
[2021/07/12 02:46:02 537] lgi        684  SYS_MSG_LOAD  
[2021/07/12 02:46:02 544] lgi        706  SYS_MSG_REGCB  msp_status_cb  func(b5656790) 
[2021/07/12 02:46:02 548] lgi        298  LGI_MSG_INIT  
[2021/07/12 02:46:02 549] lgi        305  lgi  lgi_  268436457  1573468853  
[2021/07/12 02:46:02 551] lgi        403  token:  nil  
[2021/07/12 02:46:02 551] lgi        476  msc cver : 5.0.44.1288  
[2021/07/12 02:46:02 552] lgi        519  ns_enable=  1  
[2021/07/12 02:46:02 554] lgi        531  prot_ver=1  
[2021/07/12 02:46:02 555] lgi        542  prot_type=tcp  
[2021/07/12 02:46:02 559] lgi        693  SYS_MSG_UNLOAD  go bg!  
[2021/07/12 02:46:06 723] lgi        697  SYS_MSG_SHUTDOWN  
============================================================
Time  2021/07/12 02:46:26 197 
============================================================
[2021/07/12 02:46:26 198] lgi        684  SYS_MSG_LOAD  
[2021/07/12 02:46:26 204] lgi        706  SYS_MSG_REGCB  msp_status_cb  func(8c29ba8) 
[2021/07/12 02:46:26 208] lgi        298  LGI_MSG_INIT  
[2021/07/12 02:46:26 209] lgi        305  lgi  lgi_  268436457  1573468853  
[2021/07/12 02:46:26 211] lgi        403  token:  nil  
[2021/07/12 02:46:26 213] lgi        476  msc cver : 5.0.44.1288  
[2021/07/12 02:46:26 214] lgi        519  ns_enable=  1  
[2021/07/12 02:46:26 215] lgi        531  prot_ver=1  
[2021/07/12 02:46:26 216] lgi        542  prot_type=tcp  
[2021/07/12 02:46:26 220] lgi        693  SYS_MSG_UNLOAD  go bg!  
[2021/07/12 02:46:30 558] lgi        697  SYS_MSG_SHUTDOWN  
============================================================
Time  2021/07/12 02:46:42 957 
============================================================
[2021/07/12 02:46:42 958] lgi        684  SYS_MSG_LOAD  
[2021/07/12 02:46:42 965] lgi        706  SYS_MSG_REGCB  msp_status_cb  func(b6849c08) 
[2021/07/12 02:46:42 970] lgi        298  LGI_MSG_INIT  
[2021/07/12 02:46:42 971] lgi        305  lgi  lgi_  268436457  1573468853  
[2021/07/12 02:46:42 973] lgi        403  token:  nil  
[2021/07/12 02:46:42 974] lgi        476  msc cver : 5.0.44.1288  
[2021/07/12 02:46:42 974] lgi        519  ns_enable=  1  
[2021/07/12 02:46:42 976] lgi        531  prot_ver=1  
[2021/07/12 02:46:42 977] lgi        542  prot_type=tcp  
[2021/07/12 02:46:42 981] lgi        693  SYS_MSG_UNLOAD  go bg!  
[2021/07/12 02:46:46 563] lgi        697  SYS_MSG_SHUTDOWN  
============================================================
Time  2021/07/12 02:49:21 162 
============================================================
[2021/07/12 02:49:21 162] lgi        684  SYS_MSG_LOAD  
[2021/07/12 02:49:21 169] lgi        706  SYS_MSG_REGCB  msp_status_cb  func(b5656790) 
[2021/07/12 02:49:21 173] lgi        298  LGI_MSG_INIT  
[2021/07/12 02:49:21 174] lgi        305  lgi  lgi_  268436457  1573468853  
[2021/07/12 02:49:21 176] lgi        403  token:  nil  
[2021/07/12 02:49:21 177] lgi        476  msc cver : 5.0.44.1288  
[2021/07/12 02:49:21 178] lgi        519  ns_enable=  1  
[2021/07/12 02:49:21 179] lgi        531  prot_ver=1  
[2021/07/12 02:49:21 180] lgi        542  prot_type=tcp  
[2021/07/12 02:49:21 184] lgi        693  SYS_MSG_UNLOAD  go bg!  
[2021/07/12 02:49:25 532] lgi        697  SYS_MSG_SHUTDOWN  
============================================================
Time  2021/07/12 02:49:47 516 
============================================================
[2021/07/12 02:49:47 517] lgi        684  SYS_MSG_LOAD  
[2021/07/12 02:49:47 523] lgi        706  SYS_MSG_REGCB  msp_status_cb  func(8258a00) 
[2021/07/12 02:49:47 528] lgi        298  LGI_MSG_INIT  
[2021/07/12 02:49:47 529] lgi        305  lgi  lgi_  268436457  1573468853  
[2021/07/12 02:49:47 531] lgi        403  token:  nil  
[2021/07/12 02:49:47 532] lgi        476  msc cver : 5.0.44.1288  
[2021/07/12 02:49:47 533] lgi        519  ns_enable=  1  
[2021/07/12 02:49:47 534] lgi        531  prot_ver=1  
[2021/07/12 02:49:47 535] lgi        542  prot_type=tcp  
[2021/07/12 02:49:47 540] lgi        693  SYS_MSG_UNLOAD  go bg!  
[2021/07/12 02:49:52 041] lgi        697  SYS_MSG_SHUTDOWN  
============================================================
Time  2021/07/12 02:50:02 201 
============================================================
[2021/07/12 02:50:02 201] lgi        684  SYS_MSG_LOAD  
[2021/07/12 02:50:02 208] lgi        706  SYS_MSG_REGCB  msp_status_cb  func(b6849bb8) 
[2021/07/12 02:50:02 212] lgi        298  LGI_MSG_INIT  
[2021/07/12 02:50:02 213] lgi        305  lgi  lgi_  268436457  1573468853  
[2021/07/12 02:50:02 215] lgi        403  token:  nil  
[2021/07/12 02:50:02 216] lgi        476  msc cver : 5.0.44.1288  
[2021/07/12 02:50:02 217] lgi        519  ns_enable=  1  
[2021/07/12 02:50:02 218] lgi        531  prot_ver=1  
[2021/07/12 02:50:02 219] lgi        542  prot_type=tcp  
[2021/07/12 02:50:02 223] lgi        693  SYS_MSG_UNLOAD  go bg!  
[2021/07/12 02:50:06 707] lgi        697  SYS_MSG_SHUTDOWN  
============================================================
Time  2021/07/12 02:56:05 412 
============================================================
[2021/07/12 02:56:05 412] lgi        684  SYS_MSG_LOAD  
[2021/07/12 02:56:05 419] lgi        706  SYS_MSG_REGCB  msp_status_cb  func(b5656790) 
[2021/07/12 02:56:05 424] lgi        298  LGI_MSG_INIT  
[2021/07/12 02:56:05 424] lgi        305  lgi  lgi_  268436457  1573468853  
[2021/07/12 02:56:05 427] lgi        403  token:  nil  
[2021/07/12 02:56:05 428] lgi        476  msc cver : 5.0.44.1288  
[2021/07/12 02:56:05 429] lgi        519  ns_enable=  1  
[2021/07/12 02:56:05 430] lgi        531  prot_ver=1  
[2021/07/12 02:56:05 431] lgi        542  prot_type=tcp  
[2021/07/12 02:56:05 436] lgi        693  SYS_MSG_UNLOAD  go bg!  
[2021/07/12 02:56:09 294] lgi        697  SYS_MSG_SHUTDOWN  
============================================================
Time  2021/07/12 02:56:52 241 
============================================================
[2021/07/12 02:56:52 242] lgi        684  SYS_MSG_LOAD  
[2021/07/12 02:56:52 248] lgi        706  SYS_MSG_REGCB  msp_status_cb  func(b5656790) 
[2021/07/12 02:56:52 253] lgi        298  LGI_MSG_INIT  
[2021/07/12 02:56:52 254] lgi        305  lgi  lgi_  268436457  1573468853  
[2021/07/12 02:56:52 256] lgi        403  token:  nil  
[2021/07/12 02:56:52 257] lgi        476  msc cver : 5.0.44.1288  
[2021/07/12 02:56:52 258] lgi        519  ns_enable=  1  
[2021/07/12 02:56:52 259] lgi        531  prot_ver=1  
[2021/07/12 02:56:52 260] lgi        542  prot_type=tcp  
[2021/07/12 02:56:52 264] lgi        693  SYS_MSG_UNLOAD  go bg!  
[2021/07/12 02:56:56 719] lgi        697  SYS_MSG_SHUTDOWN  
============================================================
Time  2021/07/12 02:58:20 866 
============================================================
[2021/07/12 02:58:20 866] lgi        684  SYS_MSG_LOAD  
[2021/07/12 02:58:20 872] lgi        706  SYS_MSG_REGCB  msp_status_cb  func(b57567a0) 
[2021/07/12 02:58:20 877] lgi        298  LGI_MSG_INIT  
[2021/07/12 02:58:20 880] lgi        305  lgi  lgi_  268436457  1573468853  
[2021/07/12 02:58:20 882] lgi        403  token:  nil  
[2021/07/12 02:58:20 884] lgi        476  msc cver : 5.0.44.1288  
[2021/07/12 02:58:20 885] lgi        519  ns_enable=  1  
[2021/07/12 02:58:20 886] lgi        531  prot_ver=1  
[2021/07/12 02:58:20 887] lgi        542  prot_type=tcp  
[2021/07/12 02:58:20 891] lgi        693  SYS_MSG_UNLOAD  go bg!  
[2021/07/12 02:58:24 775] lgi        697  SYS_MSG_SHUTDOWN  
============================================================
Time  2021/07/12 03:01:07 990 
============================================================
[2021/07/12 03:01:07 990] lgi        684  SYS_MSG_LOAD  
[2021/07/12 03:01:07 997] lgi        706  SYS_MSG_REGCB  msp_status_cb  func(b5656790) 
[2021/07/12 03:01:08 001] lgi        298  LGI_MSG_INIT  
[2021/07/12 03:01:08 002] lgi        305  lgi  lgi_  268436457  1573468853  
[2021/07/12 03:01:08 004] lgi        403  token:  nil  
[2021/07/12 03:01:08 005] lgi        476  msc cver : 5.0.44.1288  
[2021/07/12 03:01:08 006] lgi        519  ns_enable=  1  
[2021/07/12 03:01:08 007] lgi        531  prot_ver=1  
[2021/07/12 03:01:08 008] lgi        542  prot_type=tcp  
[2021/07/12 03:01:08 012] lgi        693  SYS_MSG_UNLOAD  go bg!  
[2021/07/12 03:01:12 354] lgi        697  SYS_MSG_SHUTDOWN  
============================================================
Time  2021/07/12 03:01:38 610 
============================================================
[2021/07/12 03:01:38 610] lgi        684  SYS_MSG_LOAD  
[2021/07/12 03:01:38 616] lgi        706  SYS_MSG_REGCB  msp_status_cb  func(82359c8) 
[2021/07/12 03:01:38 621] lgi        298  LGI_MSG_INIT  
[2021/07/12 03:01:38 622] lgi        305  lgi  lgi_  268436457  1573468853  
[2021/07/12 03:01:38 624] lgi        403  token:  nil  
[2021/07/12 03:01:38 625] lgi        476  msc cver : 5.0.44.1288  
[2021/07/12 03:01:38 626] lgi        519  ns_enable=  1  
[2021/07/12 03:01:38 627] lgi        531  prot_ver=1  
[2021/07/12 03:01:38 628] lgi        542  prot_type=tcp  
[2021/07/12 03:01:38 631] lgi        693  SYS_MSG_UNLOAD  go bg!  
[2021/07/12 03:01:42 629] lgi        697  SYS_MSG_SHUTDOWN  
============================================================
Time  2021/07/19 20:39:16 559 
============================================================
[2021/07/19 20:39:16 560] lgi        684  SYS_MSG_LOAD  
[2021/07/19 20:39:16 567] lgi        706  SYS_MSG_REGCB  msp_status_cb  func(b5656790) 
[2021/07/19 20:39:16 572] lgi        298  LGI_MSG_INIT  
[2021/07/19 20:39:16 573] lgi        305  lgi  lgi_  268436457  1573468853  
[2021/07/19 20:39:16 575] lgi        403  token:  nil  
[2021/07/19 20:39:16 576] lgi        476  msc cver : 5.0.44.1288  
[2021/07/19 20:39:16 577] lgi        519  ns_enable=  1  
[2021/07/19 20:39:16 578] lgi        531  prot_ver=1  
[2021/07/19 20:39:16 579] lgi        542  prot_type=tcp  
[2021/07/19 20:39:16 583] lgi        693  SYS_MSG_UNLOAD  go bg!  
[2021/07/19 20:39:20 497] lgi        697  SYS_MSG_SHUTDOWN  
============================================================
Time  2021/07/19 20:39:56 520 
============================================================
[2021/07/19 20:39:56 521] lgi        684  SYS_MSG_LOAD  
[2021/07/19 20:39:56 527] lgi        706  SYS_MSG_REGCB  msp_status_cb  func(82279c8) 
[2021/07/19 20:39:56 532] lgi        298  LGI_MSG_INIT  
[2021/07/19 20:39:56 533] lgi        305  lgi  lgi_  268436457  1573468853  
[2021/07/19 20:39:56 535] lgi        403  token:  nil  
[2021/07/19 20:39:56 536] lgi        476  msc cver : 5.0.44.1288  
[2021/07/19 20:39:56 537] lgi        519  ns_enable=  1  
[2021/07/19 20:39:56 538] lgi        531  prot_ver=1  
[2021/07/19 20:39:56 538] lgi        542  prot_type=tcp  
[2021/07/19 20:39:56 543] lgi        693  SYS_MSG_UNLOAD  go bg!  
[2021/07/19 20:40:00 904] lgi        697  SYS_MSG_SHUTDOWN  
============================================================
Time  2021/07/19 20:41:32 721 
============================================================
[2021/07/19 20:41:32 721] lgi        684  SYS_MSG_LOAD  
[2021/07/19 20:41:32 728] lgi        706  SYS_MSG_REGCB  msp_status_cb  func(b6856770) 
[2021/07/19 20:41:32 733] lgi        298  LGI_MSG_INIT  
[2021/07/19 20:41:32 734] lgi        305  lgi  lgi_  268436457  1573468853  
[2021/07/19 20:41:32 736] lgi        403  token:  nil  
[2021/07/19 20:41:32 737] lgi        476  msc cver : 5.0.44.1288  
[2021/07/19 20:41:32 738] lgi        519  ns_enable=  1  
[2021/07/19 20:41:32 738] lgi        531  prot_ver=1  
[2021/07/19 20:41:32 739] lgi        542  prot_type=tcp  
[2021/07/19 20:41:32 743] lgi        693  SYS_MSG_UNLOAD  go bg!  
[2021/07/19 20:41:36 915] lgi        697  SYS_MSG_SHUTDOWN  
============================================================
Time  2021/07/19 21:34:01 375 
============================================================
[2021/07/19 21:34:01 376] lgi        684  SYS_MSG_LOAD  
[2021/07/19 21:34:01 387] lgi        706  SYS_MSG_REGCB  msp_status_cb  func(b5656790) 
[2021/07/19 21:34:01 392] lgi        298  LGI_MSG_INIT  
[2021/07/19 21:34:01 393] lgi        305  lgi  lgi_  268436457  1573468853  
[2021/07/19 21:34:01 396] lgi        403  token:  nil  
[2021/07/19 21:34:01 396] lgi        476  msc cver : 5.0.44.1288  
[2021/07/19 21:34:01 397] lgi        519  ns_enable=  1  
[2021/07/19 21:34:01 398] lgi        531  prot_ver=1  
[2021/07/19 21:34:01 399] lgi        542  prot_type=tcp  
[2021/07/19 21:34:01 403] lgi        693  SYS_MSG_UNLOAD  go bg!  
[2021/07/19 21:34:05 661] lgi        697  SYS_MSG_SHUTDOWN  
============================================================
Time  2021/07/19 21:34:45 518 
============================================================
[2021/07/19 21:34:45 518] lgi        684  SYS_MSG_LOAD  
[2021/07/19 21:34:45 525] lgi        706  SYS_MSG_REGCB  msp_status_cb  func(94e5040) 
[2021/07/19 21:34:45 529] lgi        298  LGI_MSG_INIT  
[2021/07/19 21:34:45 530] lgi        305  lgi  lgi_  268436457  1573468853  
[2021/07/19 21:34:45 532] lgi        403  token:  nil  
[2021/07/19 21:34:45 533] lgi        476  msc cver : 5.0.44.1288  
[2021/07/19 21:34:45 534] lgi        519  ns_enable=  1  
[2021/07/19 21:34:45 535] lgi        531  prot_ver=1  
[2021/07/19 21:34:45 536] lgi        542  prot_type=tcp  
[2021/07/19 21:34:45 540] lgi        693  SYS_MSG_UNLOAD  go bg!  
[2021/07/19 21:34:49 232] lgi        697  SYS_MSG_SHUTDOWN  
============================================================
Time  2021/07/19 21:36:22 154 
============================================================
[2021/07/19 21:36:22 154] lgi        684  SYS_MSG_LOAD  
[2021/07/19 21:36:22 161] lgi        706  SYS_MSG_REGCB  msp_status_cb  func(b6856780) 
[2021/07/19 21:36:22 165] lgi        298  LGI_MSG_INIT  
[2021/07/19 21:36:22 166] lgi        305  lgi  lgi_  268436457  1573468853  
[2021/07/19 21:36:22 168] lgi        403  token:  nil  
[2021/07/19 21:36:22 169] lgi        476  msc cver : 5.0.44.1288  
[2021/07/19 21:36:22 170] lgi        519  ns_enable=  1  
[2021/07/19 21:36:22 171] lgi        531  prot_ver=1  
[2021/07/19 21:36:22 172] lgi        542  prot_type=tcp  
[2021/07/19 21:36:22 176] lgi        693  SYS_MSG_UNLOAD  go bg!  
[2021/07/19 21:36:26 272] lgi        697  SYS_MSG_SHUTDOWN  
============================================================
Time  2021/07/19 21:37:02 121 
============================================================
[2021/07/19 21:37:02 122] lgi        684  SYS_MSG_LOAD  
[2021/07/19 21:37:02 128] lgi        706  SYS_MSG_REGCB  msp_status_cb  func(b5657f18) 
[2021/07/19 21:37:02 133] lgi        298  LGI_MSG_INIT  
[2021/07/19 21:37:02 134] lgi        305  lgi  lgi_  268436457  1573468853  
[2021/07/19 21:37:02 136] lgi        403  token:  nil  
[2021/07/19 21:37:02 137] lgi        476  msc cver : 5.0.44.1288  
[2021/07/19 21:37:02 138] lgi        519  ns_enable=  1  
[2021/07/19 21:37:02 139] lgi        531  prot_ver=1  
[2021/07/19 21:37:02 140] lgi        542  prot_type=tcp  
[2021/07/19 21:37:02 144] lgi        693  SYS_MSG_UNLOAD  go bg!  
[2021/07/19 21:37:06 383] lgi        697  SYS_MSG_SHUTDOWN  
============================================================
Time  2021/07/19 21:37:38 384 
============================================================
[2021/07/19 21:37:38 385] lgi        684  SYS_MSG_LOAD  
[2021/07/19 21:37:38 391] lgi        706  SYS_MSG_REGCB  msp_status_cb  func(94f69c0) 
[2021/07/19 21:37:38 395] lgi        298  LGI_MSG_INIT  
[2021/07/19 21:37:38 397] lgi        305  lgi  lgi_  268436457  1573468853  
[2021/07/19 21:37:38 399] lgi        403  token:  nil  
[2021/07/19 21:37:38 400] lgi        476  msc cver : 5.0.44.1288  
[2021/07/19 21:37:38 401] lgi        519  ns_enable=  1  
[2021/07/19 21:37:38 402] lgi        531  prot_ver=1  
[2021/07/19 21:37:38 403] lgi        542  prot_type=tcp  
[2021/07/19 21:37:38 408] lgi        693  SYS_MSG_UNLOAD  go bg!  
[2021/07/19 21:37:42 495] lgi        697  SYS_MSG_SHUTDOWN  
============================================================
Time  2021/07/19 21:47:52 500 
============================================================
[2021/07/19 21:47:52 501] lgi        684  SYS_MSG_LOAD  
[2021/07/19 21:47:52 508] lgi        706  SYS_MSG_REGCB  msp_status_cb  func(b5626338) 
[2021/07/19 21:47:52 511] lgi        298  LGI_MSG_INIT  
[2021/07/19 21:47:52 513] lgi        305  lgi  lgi_  268436457  1573468853  
[2021/07/19 21:47:52 515] lgi        403  token:  nil  
[2021/07/19 21:47:52 516] lgi        476  msc cver : 5.0.44.1288  
[2021/07/19 21:47:52 517] lgi        519  ns_enable=  1  
[2021/07/19 21:47:52 518] lgi        531  prot_ver=1  
[2021/07/19 21:47:52 519] lgi        542  prot_type=tcp  
[2021/07/19 21:47:52 523] lgi        693  SYS_MSG_UNLOAD  go bg!  
[2021/07/19 21:47:56 778] lgi        697  SYS_MSG_SHUTDOWN  
============================================================
Time  2021/07/19 21:48:23 521 
============================================================
[2021/07/19 21:48:23 522] lgi        684  SYS_MSG_LOAD  
[2021/07/19 21:48:23 528] lgi        706  SYS_MSG_REGCB  msp_status_cb  func(a058b78) 
[2021/07/19 21:48:23 534] lgi        298  LGI_MSG_INIT  
[2021/07/19 21:48:23 535] lgi        305  lgi  lgi_  268436457  1573468853  
[2021/07/19 21:48:23 537] lgi        403  token:  nil  
[2021/07/19 21:48:23 538] lgi        476  msc cver : 5.0.44.1288  
[2021/07/19 21:48:23 539] lgi        519  ns_enable=  1  
[2021/07/19 21:48:23 541] lgi        531  prot_ver=1  
[2021/07/19 21:48:23 542] lgi        542  prot_type=tcp  
[2021/07/19 21:48:23 546] lgi        693  SYS_MSG_UNLOAD  go bg!  
[2021/07/19 21:48:27 102] lgi        697  SYS_MSG_SHUTDOWN  
============================================================
Time  2021/07/19 21:48:50 897 
============================================================
[2021/07/19 21:48:50 898] lgi        684  SYS_MSG_LOAD  
[2021/07/19 21:48:50 904] lgi        706  SYS_MSG_REGCB  msp_status_cb  func(b6856760) 
[2021/07/19 21:48:50 909] lgi        298  LGI_MSG_INIT  
[2021/07/19 21:48:50 909] lgi        305  lgi  lgi_  268436457  1573468853  
[2021/07/19 21:48:50 912] lgi        403  token:  nil  
[2021/07/19 21:48:50 914] lgi        476  msc cver : 5.0.44.1288  
[2021/07/19 21:48:50 915] lgi        519  ns_enable=  1  
[2021/07/19 21:48:50 916] lgi        531  prot_ver=1  
[2021/07/19 21:48:50 917] lgi        542  prot_type=tcp  
[2021/07/19 21:48:50 920] lgi        693  SYS_MSG_UNLOAD  go bg!  
[2021/07/19 21:48:54 864] lgi        697  SYS_MSG_SHUTDOWN  
============================================================
Time  2021/07/19 21:50:12 716 
============================================================
[2021/07/19 21:50:12 716] lgi        684  SYS_MSG_LOAD  
[2021/07/19 21:50:12 722] lgi        706  SYS_MSG_REGCB  msp_status_cb  func(b561fba0) 
[2021/07/19 21:50:12 726] lgi        298  LGI_MSG_INIT  
[2021/07/19 21:50:12 728] lgi        305  lgi  lgi_  268436457  1573468853  
[2021/07/19 21:50:12 730] lgi        403  token:  nil  
[2021/07/19 21:50:12 731] lgi        476  msc cver : 5.0.44.1288  
[2021/07/19 21:50:12 732] lgi        519  ns_enable=  1  
[2021/07/19 21:50:12 733] lgi        531  prot_ver=1  
[2021/07/19 21:50:12 734] lgi        542  prot_type=tcp  
[2021/07/19 21:50:12 738] lgi        693  SYS_MSG_UNLOAD  go bg!  
[2021/07/19 21:50:17 046] lgi        697  SYS_MSG_SHUTDOWN  
============================================================
Time  2021/07/19 21:50:56 016 
============================================================
[2021/07/19 21:50:56 016] lgi        684  SYS_MSG_LOAD  
[2021/07/19 21:50:56 024] lgi        706  SYS_MSG_REGCB  msp_status_cb  func(a058ca8) 
[2021/07/19 21:50:56 031] lgi        298  LGI_MSG_INIT  
[2021/07/19 21:50:56 032] lgi        305  lgi  lgi_  268436457  1573468853  
[2021/07/19 21:50:56 034] lgi        403  token:  nil  
[2021/07/19 21:50:56 034] lgi        476  msc cver : 5.0.44.1288  
[2021/07/19 21:50:56 035] lgi        519  ns_enable=  1  
[2021/07/19 21:50:56 036] lgi        531  prot_ver=1  
[2021/07/19 21:50:56 037] lgi        542  prot_type=tcp  
[2021/07/19 21:50:56 041] lgi        693  SYS_MSG_UNLOAD  go bg!  
[2021/07/19 21:51:00 580] lgi        697  SYS_MSG_SHUTDOWN  
============================================================
Time  2021/07/19 22:48:45 704 
============================================================
[2021/07/19 22:48:45 705] lgi        684  SYS_MSG_LOAD  
[2021/07/19 22:48:45 710] lgi        706  SYS_MSG_REGCB  msp_status_cb  func(b5656790) 
[2021/07/19 22:48:45 715] lgi        298  LGI_MSG_INIT  
[2021/07/19 22:48:45 716] lgi        305  lgi  lgi_  268436457  1573468853  
[2021/07/19 22:48:45 718] lgi        403  token:  nil  
[2021/07/19 22:48:45 719] lgi        476  msc cver : 5.0.44.1288  
[2021/07/19 22:48:45 720] lgi        519  ns_enable=  1  
[2021/07/19 22:48:45 721] lgi        531  prot_ver=1  
[2021/07/19 22:48:45 722] lgi        542  prot_type=tcp  
[2021/07/19 22:48:45 726] lgi        693  SYS_MSG_UNLOAD  go bg!  
[2021/07/19 22:48:49 933] lgi        697  SYS_MSG_SHUTDOWN  
============================================================
Time  2021/07/19 22:49:14 939 
============================================================
[2021/07/19 22:49:14 940] lgi        684  SYS_MSG_LOAD  
[2021/07/19 22:49:14 946] lgi        706  SYS_MSG_REGCB  msp_status_cb  func(87b09c8) 
[2021/07/19 22:49:14 951] lgi        298  LGI_MSG_INIT  
[2021/07/19 22:49:14 952] lgi        305  lgi  lgi_  268436457  1573468853  
[2021/07/19 22:49:14 954] lgi        403  token:  nil  
[2021/07/19 22:49:14 954] lgi        476  msc cver : 5.0.44.1288  
[2021/07/19 22:49:14 956] lgi        519  ns_enable=  1  
[2021/07/19 22:49:14 957] lgi        531  prot_ver=1  
[2021/07/19 22:49:14 958] lgi        542  prot_type=tcp  
[2021/07/19 22:49:14 962] lgi        693  SYS_MSG_UNLOAD  go bg!  
[2021/07/19 22:49:19 164] lgi        697  SYS_MSG_SHUTDOWN  
============================================================
Time  2021/07/19 22:49:51 432 
============================================================
[2021/07/19 22:49:51 432] lgi        684  SYS_MSG_LOAD  
[2021/07/19 22:49:51 438] lgi        706  SYS_MSG_REGCB  msp_status_cb  func(b6856768) 
[2021/07/19 22:49:51 444] lgi        298  LGI_MSG_INIT  
[2021/07/19 22:49:51 444] lgi        305  lgi  lgi_  268436457  1573468853  
[2021/07/19 22:49:51 447] lgi        403  token:  nil  
[2021/07/19 22:49:51 447] lgi        476  msc cver : 5.0.44.1288  
[2021/07/19 22:49:51 449] lgi        519  ns_enable=  1  
[2021/07/19 22:49:51 450] lgi        531  prot_ver=1  
[2021/07/19 22:49:51 451] lgi        542  prot_type=tcp  
[2021/07/19 22:49:51 455] lgi        693  SYS_MSG_UNLOAD  go bg!  
[2021/07/19 22:49:55 112] lgi        697  SYS_MSG_SHUTDOWN  
============================================================
Time  2021/07/19 22:50:21 945 
============================================================
[2021/07/19 22:50:21 946] lgi        684  SYS_MSG_LOAD  
[2021/07/19 22:50:21 953] lgi        706  SYS_MSG_REGCB  msp_status_cb  func(b561d160) 
[2021/07/19 22:50:21 958] lgi        298  LGI_MSG_INIT  
[2021/07/19 22:50:21 959] lgi        305  lgi  lgi_  268436457  1573468853  
[2021/07/19 22:50:21 962] lgi        403  token:  nil  
[2021/07/19 22:50:21 963] lgi        476  msc cver : 5.0.44.1288  
[2021/07/19 22:50:21 964] lgi        519  ns_enable=  1  
[2021/07/19 22:50:21 964] lgi        531  prot_ver=1  
[2021/07/19 22:50:21 966] lgi        542  prot_type=tcp  
[2021/07/19 22:50:21 970] lgi        693  SYS_MSG_UNLOAD  go bg!  
[2021/07/19 22:50:25 881] lgi        697  SYS_MSG_SHUTDOWN  
============================================================
Time  2021/07/20 00:27:22 512 
============================================================
[2021/07/20 00:27:22 512] lgi        684  SYS_MSG_LOAD  
[2021/07/20 00:27:22 519] lgi        706  SYS_MSG_REGCB  msp_status_cb  func(b5656790) 
[2021/07/20 00:27:22 523] lgi        298  LGI_MSG_INIT  
[2021/07/20 00:27:22 524] lgi        305  lgi  lgi_  268436457  1573468853  
[2021/07/20 00:27:22 526] lgi        403  token:  nil  
[2021/07/20 00:27:22 527] lgi        476  msc cver : 5.0.44.1288  
[2021/07/20 00:27:22 529] lgi        519  ns_enable=  1  
[2021/07/20 00:27:22 529] lgi        531  prot_ver=1  
[2021/07/20 00:27:22 530] lgi        542  prot_type=tcp  
[2021/07/20 00:27:22 535] lgi        693  SYS_MSG_UNLOAD  go bg!  
[2021/07/20 00:27:27 746] lgi        697  SYS_MSG_SHUTDOWN  
============================================================
Time  2021/07/20 00:27:52 259 
============================================================
[2021/07/20 00:27:52 259] lgi        684  SYS_MSG_LOAD  
[2021/07/20 00:27:52 265] lgi        706  SYS_MSG_REGCB  msp_status_cb  func(8278c70) 
[2021/07/20 00:27:52 271] lgi        298  LGI_MSG_INIT  
[2021/07/20 00:27:52 271] lgi        305  lgi  lgi_  268436457  1573468853  
[2021/07/20 00:27:52 273] lgi        403  token:  nil  
[2021/07/20 00:27:52 275] lgi        476  msc cver : 5.0.44.1288  
[2021/07/20 00:27:52 276] lgi        519  ns_enable=  1  
[2021/07/20 00:27:52 277] lgi        531  prot_ver=1  
[2021/07/20 00:27:52 277] lgi        542  prot_type=tcp  
[2021/07/20 00:27:52 282] lgi        693  SYS_MSG_UNLOAD  go bg!  
[2021/07/20 00:27:56 361] lgi        697  SYS_MSG_SHUTDOWN  
============================================================
Time  2021/07/20 00:28:17 321 
============================================================
[2021/07/20 00:28:17 322] lgi        684  SYS_MSG_LOAD  
[2021/07/20 00:28:17 328] lgi        706  SYS_MSG_REGCB  msp_status_cb  func(b68565e8) 
[2021/07/20 00:28:17 333] lgi        298  LGI_MSG_INIT  
[2021/07/20 00:28:17 334] lgi        305  lgi  lgi_  268436457  1573468853  
[2021/07/20 00:28:17 336] lgi        403  token:  nil  
[2021/07/20 00:28:17 337] lgi        476  msc cver : 5.0.44.1288  
[2021/07/20 00:28:17 338] lgi        519  ns_enable=  1  
[2021/07/20 00:28:17 339] lgi        531  prot_ver=1  
[2021/07/20 00:28:17 340] lgi        542  prot_type=tcp  
[2021/07/20 00:28:17 343] lgi        693  SYS_MSG_UNLOAD  go bg!  
[2021/07/20 00:28:20 717] lgi        697  SYS_MSG_SHUTDOWN  
============================================================
Time  2021/07/20 00:42:30 537 
============================================================
[2021/07/20 00:42:30 537] lgi        684  SYS_MSG_LOAD  
[2021/07/20 00:42:30 544] lgi        706  SYS_MSG_REGCB  msp_status_cb  func(b5656790) 
[2021/07/20 00:42:30 548] lgi        298  LGI_MSG_INIT  
[2021/07/20 00:42:30 549] lgi        305  lgi  lgi_  268436457  1573468853  
[2021/07/20 00:42:30 552] lgi        403  token:  nil  
[2021/07/20 00:42:30 552] lgi        476  msc cver : 5.0.44.1288  
[2021/07/20 00:42:30 553] lgi        519  ns_enable=  1  
[2021/07/20 00:42:30 554] lgi        531  prot_ver=1  
[2021/07/20 00:42:30 555] lgi        542  prot_type=tcp  
[2021/07/20 00:42:30 559] lgi        693  SYS_MSG_UNLOAD  go bg!  
[2021/07/20 00:42:35 836] lgi        697  SYS_MSG_SHUTDOWN  
