============================================================
Time  2021/07/10 00:13:24 965 
============================================================
[2021/07/10 00:13:24 966] isr_local  2211 os_type is:  Linux  
[2021/07/10 00:13:24 968] isr_local  2220 SYS_MSG_LOAD_LOCAL  
[2021/07/10 00:13:24 972] isr_local  2249 SYS_MSG_REGCB_LOCAL| param0 =  msp_status_cb  
[2021/07/10 00:13:24 977] isr_local  2249 SYS_MSG_REGCB_LOCAL| param0 =  update_lex_cb  
[2021/07/10 00:13:24 980] isr_local  2275 ASR_LOCAL_MSG_UPDATE_LEX  
[2021/07/10 00:13:24 980] isr_local  1903 grm_init | params:  engine_type = local, text_encoding = UTF-8, 		asr_res_path = fo|res/asr/common.jet, sample_rate = 16000, 		grm_build_path = res/asr/GrmBuilld, grammar_list = call,   
[2021/07/10 00:13:24 982] isr_local  805  engine_type  :  local  
[2021/07/10 00:13:24 983] isr_local  805  text_encoding  :  UTF-8  
[2021/07/10 00:13:24 984] isr_local  805  asr_res_path  :  fo|res/asr/common.jet  
[2021/07/10 00:13:24 985] isr_local  805  sample_rate  :  16000  
[2021/07/10 00:13:24 986] isr_local  805  grm_build_path  :  res/asr/GrmBuilld  
[2021/07/10 00:13:24 988] isr_local  805  grammar_list  :  call  
[2021/07/10 00:13:24 992] isr_local  1002 file count =   1  
[2021/07/10 00:13:24 992] isr_local  925  file open type is:   fo  
[2021/07/10 00:13:24 994] isr_local  958  res/asr/common.jet  0  0  
[2021/07/10 00:13:24 994] isr_local  1020 speech_plus_setting  0  
[2021/07/10 00:13:24 995] isr_local  1033 2  nil  res/asr/common.jet  0  0  
[2021/07/10 00:13:24 999] isr_local  1035 res_ver  2  
[2021/07/10 00:13:24 999] isr_local  1036 res 5  55cdc3b718672aa60005ee4f157545dd  
[2021/07/10 00:13:25 000] isr_local  1037 res_new_old_mark  v5pp  
[2021/07/10 00:13:25 001] isr_local  1038 res_usr_name  ""  
[2021/07/10 00:13:25 003] isr_local  1039 res_expires  1633661899  
[2021/07/10 00:13:25 003] isr_local  1040 err  0  
[2021/07/10 00:13:25 004] isr_local  1071 now expires:  1625901204  1633661899  
[2021/07/10 00:13:25 014] isr_local  2284 update dict  
[2021/07/10 00:13:25 017] isr_local  1760 contact  call  
[2021/07/10 00:13:25 038] isr_local  1811 grm_list grm name:   call  
[2021/07/10 00:13:25 040] isr_local  1644 proc_retcode_grm | errorcode =  0  
[2021/07/10 00:13:25 068] isr_local  2022 grammar id:call  
[2021/07/10 00:13:25 071] isr_local  1636 onGrmLocalServiceCb  0  call  
