============================================================
Time  2021/07/12 00:55:49 432 
============================================================
[2021/07/12 00:55:49 442] isr_local  2211 os_type is:  Linux  
[2021/07/12 00:55:49 444] isr_local  2220 SYS_MSG_LOAD_LOCAL  
[2021/07/12 00:55:49 446] isr_local  2249 SYS_MSG_REGCB_LOCAL| param0 =  msp_status_cb  
[2021/07/12 00:55:49 451] isr_local  2249 SYS_MSG_REGCB_LOCAL| param0 =  build_grm_cb  
[2021/07/12 00:55:49 454] isr_local  2262 ASR_LOCAL_MSG_BUILD_GRM  
[2021/07/12 00:55:49 455] isr_local  1903 grm_init | params:  engine_type = local, 		asr_res_path = fo|res/asr/common.jet, sample_rate = 16000, 		grm_build_path = res/asr/GrmBuilld,   
[2021/07/12 00:55:49 457] isr_local  805  engine_type  :  local  
[2021/07/12 00:55:49 458] isr_local  805  asr_res_path  :  fo|res/asr/common.jet  
[2021/07/12 00:55:49 459] isr_local  805  sample_rate  :  16000  
[2021/07/12 00:55:49 460] isr_local  805  grm_build_path  :  res/asr/GrmBuilld  
[2021/07/12 00:55:49 464] isr_local  1002 file count =   1  
[2021/07/12 00:55:49 466] isr_local  925  file open type is:   fo  
[2021/07/12 00:55:49 467] isr_local  958  res/asr/common.jet  0  0  
[2021/07/12 00:55:49 468] isr_local  1020 speech_plus_setting  0  
[2021/07/12 00:55:49 469] isr_local  1033 2  nil  res/asr/common.jet  0  0  
[2021/07/12 00:55:49 473] isr_local  1035 res_ver  2  
[2021/07/12 00:55:49 474] isr_local  1036 res 5  55cdc3b718672aa60005ee4f157545dd  
[2021/07/12 00:55:49 475] isr_local  1037 res_new_old_mark  v5pp  
[2021/07/12 00:55:49 476] isr_local  1038 res_usr_name  ""  
[2021/07/12 00:55:49 477] isr_local  1039 res_expires  1633661899  
[2021/07/12 00:55:49 478] isr_local  1040 err  0  
[2021/07/12 00:55:49 479] isr_local  1071 now expires:  1626076549  1633661899  
[2021/07/12 00:55:49 493] isr_local  1644 proc_retcode_grm | errorcode =  0  
[2021/07/12 00:55:49 537] isr_local  2022 grammar id:call  
[2021/07/12 00:55:49 553] isr_local  1636 onGrmLocalServiceCb  0  call  
