============================================================
Time  2021/07/12 02:17:52 179 
============================================================
[2021/07/12 02:17:52 180] isr_local  2211 os_type is:  Linux  
[2021/07/12 02:17:52 182] isr_local  2220 SYS_MSG_LOAD_LOCAL  
[2021/07/12 02:17:52 184] isr_local  2249 SYS_MSG_REGCB_LOCAL| param0 =  msp_status_cb  
[2021/07/12 02:17:52 188] isr_local  2249 SYS_MSG_REGCB_LOCAL| param0 =  build_grm_cb  
[2021/07/12 02:17:52 191] isr_local  2262 ASR_LOCAL_MSG_BUILD_GRM  
[2021/07/12 02:17:52 192] isr_local  1903 grm_init | params:  engine_type = local, 		asr_res_path = fo|res/asr/common.jet, sample_rate = 16000, 		grm_build_path = res/asr/GrmBuilld,   
[2021/07/12 02:17:52 194] isr_local  805  engine_type  :  local  
[2021/07/12 02:17:52 195] isr_local  805  asr_res_path  :  fo|res/asr/common.jet  
[2021/07/12 02:17:52 197] isr_local  805  sample_rate  :  16000  
[2021/07/12 02:17:52 198] isr_local  805  grm_build_path  :  res/asr/GrmBuilld  
[2021/07/12 02:17:52 202] isr_local  1002 file count =   1  
[2021/07/12 02:17:52 204] isr_local  925  file open type is:   fo  
[2021/07/12 02:17:52 205] isr_local  958  res/asr/common.jet  0  0  
[2021/07/12 02:17:52 206] isr_local  1020 speech_plus_setting  0  
[2021/07/12 02:17:52 207] isr_local  1033 2  nil  res/asr/common.jet  0  0  
[2021/07/12 02:17:52 210] isr_local  1035 res_ver  2  
[2021/07/12 02:17:52 211] isr_local  1036 res 5  55cdc3b718672aa60005ee4f157545dd  
[2021/07/12 02:17:52 213] isr_local  1037 res_new_old_mark  v5pp  
[2021/07/12 02:17:52 214] isr_local  1038 res_usr_name  ""  
[2021/07/12 02:17:52 215] isr_local  1039 res_expires  1633661899  
[2021/07/12 02:17:52 216] isr_local  1040 err  0  
[2021/07/12 02:17:52 217] isr_local  1071 now expires:  1626081472  1633661899  
[2021/07/12 02:17:52 231] isr_local  1644 proc_retcode_grm | errorcode =  0  
[2021/07/12 02:17:52 272] isr_local  2022 grammar id:call  
[2021/07/12 02:17:52 274] isr_local  1636 onGrmLocalServiceCb  0  call  
