============================================================
Time  2021/07/11 21:18:44 037 
============================================================
[2021/07/11 21:18:44 037] isr_local  2211 os_type is:  Linux  
[2021/07/11 21:18:44 039] isr_local  2220 SYS_MSG_LOAD_LOCAL  
[2021/07/11 21:18:44 042] isr_local  2249 SYS_MSG_REGCB_LOCAL| param0 =  msp_status_cb  
[2021/07/11 21:18:44 046] isr_local  2249 SYS_MSG_REGCB_LOCAL| param0 =  build_grm_cb  
[2021/07/11 21:18:44 048] isr_local  2262 ASR_LOCAL_MSG_BUILD_GRM  
[2021/07/11 21:18:44 049] isr_local  1903 grm_init | params:  engine_type = local, 		asr_res_path = fo|res/asr/common.jet, sample_rate = 16000, 		grm_build_path = res/asr/GrmBuilld,   
[2021/07/11 21:18:44 052] isr_local  805  engine_type  :  local  
[2021/07/11 21:18:44 053] isr_local  805  asr_res_path  :  fo|res/asr/common.jet  
[2021/07/11 21:18:44 054] isr_local  805  sample_rate  :  16000  
[2021/07/11 21:18:44 055] isr_local  805  grm_build_path  :  res/asr/GrmBuilld  
[2021/07/11 21:18:44 061] isr_local  1002 file count =   1  
[2021/07/11 21:18:44 062] isr_local  925  file open type is:   fo  
[2021/07/11 21:18:44 063] isr_local  958  res/asr/common.jet  0  0  
[2021/07/11 21:18:44 064] isr_local  1020 speech_plus_setting  0  
[2021/07/11 21:18:44 065] isr_local  1033 2  nil  res/asr/common.jet  0  0  
[2021/07/11 21:18:44 068] isr_local  1035 res_ver  2  
[2021/07/11 21:18:44 069] isr_local  1036 res 5  55cdc3b718672aa60005ee4f157545dd  
[2021/07/11 21:18:44 070] isr_local  1037 res_new_old_mark  v5pp  
[2021/07/11 21:18:44 070] isr_local  1038 res_usr_name  ""  
[2021/07/11 21:18:44 071] isr_local  1039 res_expires  1633661899  
[2021/07/11 21:18:44 072] isr_local  1040 err  0  
[2021/07/11 21:18:44 074] isr_local  1058 lgi appid and res appid does not match  
[2021/07/11 21:18:44 075] isr_local  1008 parse respath substr error! :  11210  
[2021/07/11 21:18:44 076] isr_local  1888 parse_respath error! :  nil  
[2021/07/11 21:18:44 076] isr_local  1951 grm_init | create grm failed!  
[2021/07/11 21:18:44 082] isr_local  1644 proc_retcode_grm | errorcode =  11210  
[2021/07/11 21:18:44 083] isr_local  1636 onGrmLocalServiceCb  11210  nil  
