============================================================
Time  2021/07/19 21:34:01 508 
============================================================
[2021/07/19 21:34:01 509] isr_local  2211 os_type is:  Linux  
[2021/07/19 21:34:01 510] isr_local  2220 SYS_MSG_LOAD_LOCAL  
[2021/07/19 21:34:01 512] isr_local  2249 SYS_MSG_REGCB_LOCAL| param0 =  msp_status_cb  
[2021/07/19 21:34:01 516] isr_local  2249 SYS_MSG_REGCB_LOCAL| param0 =  build_grm_cb  
[2021/07/19 21:34:01 519] isr_local  2262 ASR_LOCAL_MSG_BUILD_GRM  
[2021/07/19 21:34:01 520] isr_local  1903 grm_init | params:  engine_type = local, 		asr_res_path = fo|res/asr/common.jet, sample_rate = 16000, 		grm_build_path = res/asr/GrmBuilld,   
[2021/07/19 21:34:01 522] isr_local  805  engine_type  :  local  
[2021/07/19 21:34:01 523] isr_local  805  asr_res_path  :  fo|res/asr/common.jet  
[2021/07/19 21:34:01 524] isr_local  805  sample_rate  :  16000  
[2021/07/19 21:34:01 525] isr_local  805  grm_build_path  :  res/asr/GrmBuilld  
[2021/07/19 21:34:01 529] isr_local  1002 file count =   1  
[2021/07/19 21:34:01 531] isr_local  925  file open type is:   fo  
[2021/07/19 21:34:01 532] isr_local  958  res/asr/common.jet  0  0  
[2021/07/19 21:34:01 533] isr_local  1020 speech_plus_setting  0  
[2021/07/19 21:34:01 534] isr_local  1033 2  nil  res/asr/common.jet  0  0  
[2021/07/19 21:34:01 550] isr_local  1035 res_ver  2  
[2021/07/19 21:34:01 551] isr_local  1036 res 5  55cdc3b718672aa60005ee4f157545dd  
[2021/07/19 21:34:01 552] isr_local  1037 res_new_old_mark  v5pp  
[2021/07/19 21:34:01 554] isr_local  1038 res_usr_name  ""  
[2021/07/19 21:34:01 555] isr_local  1039 res_expires  1633661899  
[2021/07/19 21:34:01 556] isr_local  1040 err  0  
[2021/07/19 21:34:01 557] isr_local  1071 now expires:  1626755641  1633661899  
[2021/07/19 21:34:01 577] isr_local  1644 proc_retcode_grm | errorcode =  0  
[2021/07/19 21:34:01 684] isr_local  2022 grammar id:call  
[2021/07/19 21:34:01 687] isr_local  1636 onGrmLocalServiceCb  0  call  
